#-----------------------------------------------------------
# Vivado v2024.2 (64-bit)
# SW Build 5239630 on Fri Nov 08 22:34:34 MST 2024
# IP Build 5239520 on Sun Nov 10 16:12:51 MST 2024
# SharedData Build 5239561 on Fri Nov 08 14:39:27 MST 2024
# Start of session at: Thu Dec 19 16:46:08 2024
# Process ID         : 19814
# Current directory  : /home/curry/code/BNN_accelerator
# Command line       : vivado
# Log file           : /home/curry/code/BNN_accelerator/vivado.log
# Journal file       : /home/curry/code/BNN_accelerator/vivado.jou
# Running On         : curry
# Platform           : Ubuntu
# Operating System   : Ubuntu 24.04.1 LTS
# Processor Detail   : Intel(R) Core(TM) Ultra 7 258V
# CPU Frequency      : 3302.399 MHz
# CPU Physical cores : 8
# CPU Logical cores  : 8
# Host memory        : 16500 MB
# Swap memory        : 4294 MB
# Total Virtual      : 20795 MB
# Available Virtual  : 18440 MB
#-----------------------------------------------------------
start_gui
open_project /home/curry/code/BNN_accelerator/vivado_works/vivado_works.xpr
INFO: [filemgmt 56-3] Default IP Output Path : Could not find the directory '/home/curry/code/BNN_accelerator/vivado_works/vivado_works.gen/sources_1'.
Scanning sources...
Finished scanning sources
INFO: [IP_Flow 19-234] Refreshing IP repositories
INFO: [IP_Flow 19-1704] No user IP repositories specified
INFO: [IP_Flow 19-2313] Loaded Vivado IP repository '/home/curry/Xilinx/Vivado/2024.2/data/ip'.
update_compile_order -fileset sources_1
exit
INFO: [Common 17-206] Exiting Vivado at Thu Dec 19 16:47:28 2024...
