#-----------------------------------------------------------
# Vivado v2024.1 (64-bit)
# SW Build 5076996 on Wed May 22 18:36:09 MDT 2024
# IP Build 5075265 on Wed May 22 21:45:21 MDT 2024
# SharedData Build 5076995 on Wed May 22 18:29:18 MDT 2024
# Start of session at: Sat Nov 23 12:27:42 2024
# Process ID: 47638
# Current directory: /home/curry/code/BNN_accelerator
# Command line: vivado
# Log file: /home/curry/code/BNN_accelerator/vivado.log
# Journal file: /home/curry/code/BNN_accelerator/vivado.jou
# Running On        :curry
# Platform          :Ubuntu
# Operating System  :Ubuntu 24.04.1 LTS
# Processor Detail  :AMD Ryzen 9 9950X 16-Core Processor
# CPU Frequency     :4291.837 MHz
# CPU Physical cores:16
# CPU Logical cores :32
# Host memory       :16292 MB
# Swap memory       :4294 MB
# Total Virtual     :20587 MB
# Available Virtual :17688 MB
#-----------------------------------------------------------
start_gui
WARNING: [Board 49-26] cannot add Board Part xilinx.com:vek280_es:part0:1.0 available at /home/curry/Xilinx/Vivado/2024.1/data/xhub/boards/XilinxBoardStore/boards/Xilinx/vek280/es/rev_a/1.0/board.xml as part xcve2802-vsvh1760-2lp-e-s-es1 specified in board_part file is either invalid or not available
WARNING: [Board 49-26] cannot add Board Part xilinx.com:vek280_es:part0:1.1 available at /home/curry/Xilinx/Vivado/2024.1/data/xhub/boards/XilinxBoardStore/boards/Xilinx/vek280/es/rev_a/1.1/board.xml as part xcve2802-vsvh1760-2lp-e-s-es1 specified in board_part file is either invalid or not available
WARNING: [Board 49-26] cannot add Board Part xilinx.com:vek280_es_revb:part0:1.0 available at /home/curry/Xilinx/Vivado/2024.1/data/xhub/boards/XilinxBoardStore/boards/Xilinx/vek280/es/rev_b/1.0/board.xml as part xcve2802-vsvh1760-2mp-e-s-es1 specified in board_part file is either invalid or not available
WARNING: [Board 49-26] cannot add Board Part xilinx.com:vek280_es_revb:part0:1.1 available at /home/curry/Xilinx/Vivado/2024.1/data/xhub/boards/XilinxBoardStore/boards/Xilinx/vek280/es/rev_b/1.1/board.xml as part xcve2802-vsvh1760-2mp-e-s-es1 specified in board_part file is either invalid or not available
WARNING: [Board 49-26] cannot add Board Part xilinx.com:vhk158_es:part0:1.0 available at /home/curry/Xilinx/Vivado/2024.1/data/xhub/boards/XilinxBoardStore/boards/Xilinx/vhk158/es/1.0/board.xml as part xcvh1582-vsva3697-2mp-e-s-es1 specified in board_part file is either invalid or not available
WARNING: [Board 49-26] cannot add Board Part xilinx.com:vhk158_es:part0:1.1 available at /home/curry/Xilinx/Vivado/2024.1/data/xhub/boards/XilinxBoardStore/boards/Xilinx/vhk158/es/1.1/board.xml as part xcvh1582-vsva3697-2mp-e-s-es1 specified in board_part file is either invalid or not available
WARNING: [Board 49-26] cannot add Board Part xilinx.com:zcu208ld:part0:2.0 available at /home/curry/Xilinx/Vivado/2024.1/data/xhub/boards/XilinxBoardStore/boards/Xilinx/zcu208ld/production/2.0/board.xml as part xczu58dr-fsvg1517-2-i specified in board_part file is either invalid or not available
WARNING: [Board 49-26] cannot add Board Part xilinx.com:zcu216ld:part0:2.0 available at /home/curry/Xilinx/Vivado/2024.1/data/xhub/boards/XilinxBoardStore/boards/Xilinx/zcu216ld/production/2.0/board.xml as part xczu59dr-ffvf1760-2-i specified in board_part file is either invalid or not available
WARNING: [Board 49-26] cannot add Board Part xilinx.com:zcu670ld:part0:1.0 available at /home/curry/Xilinx/Vivado/2024.1/data/xhub/boards/XilinxBoardStore/boards/Xilinx/zcu670ld/1.0/board.xml as part xczu57dr-fsve1156-2-i specified in board_part file is either invalid or not available
open_project /home/curry/code/BNN/BNN.xpr
INFO: [filemgmt 56-3] Default IP Output Path : Could not find the directory '/home/curry/code/BNN/BNN.gen/sources_1'.
Scanning sources...
Finished scanning sources
INFO: [IP_Flow 19-234] Refreshing IP repositories
INFO: [IP_Flow 19-1704] No user IP repositories specified
INFO: [IP_Flow 19-2313] Loaded Vivado IP repository '/home/curry/Xilinx/Vivado/2024.1/data/ip'.
update_compile_order -fileset sources_1
launch_simulation
Command: launch_simulation 
INFO: [Vivado 12-12493] Simulation top is 'conv_tb'
INFO: [Vivado 12-5682] Launching behavioral simulation in '/home/curry/code/BNN/BNN.sim/sim_1/behav/xsim'
INFO: [SIM-utils-51] Simulation object is 'sim_1'
INFO: [SIM-utils-72] Using boost library from '/home/curry/Xilinx/Vivado/2024.1/tps/boost_1_72_0'
INFO: [SIM-utils-54] Inspecting design source files for 'conv_tb' in fileset 'sim_1'...
INFO: [USF-XSim-97] Finding global include files...
INFO: [USF-XSim-98] Fetching design files from 'sim_1'...
INFO: [USF-XSim-2] XSim::Compile design
INFO: [USF-XSim-61] Executing 'COMPILE and ANALYZE' step in '/home/curry/code/BNN/BNN.sim/sim_1/behav/xsim'
xvlog --incr --relax -prj conv_tb_vlog.prj
Waiting for jobs to finish...
No pending jobs, compilation finished.
INFO: [USF-XSim-69] 'compile' step finished in '1' seconds
INFO: [USF-XSim-3] XSim::Elaborate design
INFO: [USF-XSim-61] Executing 'ELABORATE' step in '/home/curry/code/BNN/BNN.sim/sim_1/behav/xsim'
xelab --incr --debug typical --relax --mt 8 -L xil_defaultlib -L unisims_ver -L unimacro_ver -L secureip --snapshot conv_tb_behav xil_defaultlib.conv_tb xil_defaultlib.glbl -log elaborate.log
Vivado Simulator v2024.1
Copyright 1986-2022 Xilinx, Inc. All Rights Reserved.
Copyright 2022-2024 Advanced Micro Devices, Inc. All Rights Reserved.
Running: /home/curry/Xilinx/Vivado/2024.1/bin/unwrapped/lnx64.o/xelab --incr --debug typical --relax --mt 8 -L xil_defaultlib -L unisims_ver -L unimacro_ver -L secureip --snapshot conv_tb_behav xil_defaultlib.conv_tb xil_defaultlib.glbl -log elaborate.log 
Using 8 slave threads.
Starting static elaboration
Pass Through NonSizing Optimizer
Completed static elaboration
INFO: [XSIM 43-4323] No Change in HDL. Linking previously generated obj files to create kernel
INFO: [USF-XSim-69] 'elaborate' step finished in '0' seconds
INFO: [USF-XSim-4] XSim::Simulate design
INFO: [USF-XSim-61] Executing 'SIMULATE' step in '/home/curry/code/BNN/BNN.sim/sim_1/behav/xsim'
INFO: [USF-XSim-98] *** Running xsim
   with args "conv_tb_behav -key {Behavioral:sim_1:Functional:conv_tb} -tclbatch {conv_tb.tcl} -log {simulate.log}"
INFO: [USF-XSim-8] Loading simulator feature
Time resolution is 1 ps
source conv_tb.tcl
# set curr_wave [current_wave_config]
# if { [string length $curr_wave] == 0 } {
#   if { [llength [get_objects]] > 0} {
#     add_wave /
#     set_property needs_save false [current_wave_config]
#   } else {
#      send_msg_id Add_Wave-1 WARNING "No top level signals found. Simulator will start without a wave window. If you want to open a wave window go to 'File->New Waveform Configuration' or type 'create_wave_config' in the TCL console."
#   }
# }
# run 1000ns
INFO: [USF-XSim-96] XSim completed. Design snapshot 'conv_tb_behav' loaded.
INFO: [USF-XSim-97] XSim simulation ran for 1000ns
restart
INFO: [Wavedata 42-604] Simulation restarted
run 200 us
image read done
conv complete
          0 :     0      0      0      0      0      0      0      0      0      0      0      0      0      0      0      0      0      0      0      0      0      0      0      0  
          1 :     0      0      0      0      0      0      0      0     -3    -15      3     21    -75      8     87    393     45    -24     25    515    463    119   -120   -127  
          2 :     0      0      0      0    -30     -6    -28      6     87    150    269    326    519    569    754    787    773    913   1116   1275   1043    646    243     63  
          3 :     0      0      0    -49   -159    100    447    756    755    981   1216   1393   1618   1836   2121   1899   1876   1853   2044   1842   1562   1113    594    191  
          4 :     0      0      0     31    116    590   1190   1814   2018   2204   2458   2560   2397   2345   2339   1913   1282    710    570    364    136    -33    -76    -63  
          5 :     0      0      0     67    414    888   1505   1818   2177   2054   2105   1480    953    498    447    162   -425  -1252  -1604  -1488  -1372  -1035   -594   -191  
          6 :     0      0      0    -31      0    106    146     93    262    571    346   -298   -965  -1084  -1264  -1221  -1232  -1314  -1439  -1185   -931   -596   -298    -64  
          7 :     0      0      0    -67   -444   -780  -1178  -1416  -1324   -842   -568   -879  -1604  -2069  -1765  -1405  -1052   -651   -352   -259   -177    -95    -39      0  
          8 :     0      0      0    -18   -317   -712  -1071  -1295  -1445  -1197   -573   -278   -724  -1435  -1144   -867   -685   -395      0      0      0      0      0      0  
          9 :     0      0      0      0    -80   -250   -358   -615   -713   -656   -168    230    586    263    -92   -248   -304   -155      0      0      0      0      0      0  
         10 :     0      0      0      0      0    -14    -15   -297   -578   -445   -216    172    815   1322    922    413      0    -93    -25      0      0      0      0      0  
         11 :     0      0      0      0      0      0      0   -150   -558   -679   -331    -14    616   1397   1809   1362    683     69    -98    -27      0      0      0      0  
         12 :     0      0      0      0      0      0      0    -11   -236   -649   -659   -396    -48    482   1321   1645   1570    761    136   -160      0      0      0      0  
         13 :     0      0      0      0      0      0      0      0    -35   -357   -777   -988  -1003   -832    113   1004   1649   1294    652     29    -64      0      0      0  
         14 :     0      0      0      0      0      0      0      0      0    -81   -412   -873  -1209   -967   -394    385   1048   1142    760    268     62      0      0      0  
         15 :     0      0      0      0      0      0      0      0    -39   -109    -41     92    104     97    146    428    677    587    343    126     66      0      0      0  
         16 :     0      0      0      0      0      0    -24    -90    -44    293    773   1189   1457   1443   1363    944    262   -230   -190   -109    -62      0      0      0  
         17 :     0      0      0      0    -23    -43   -100    187    654   1199   1528   1895   2166   1765    937     84   -322   -568   -518   -340    -66      0      0      0  
         18 :     0      0    -18   -153     -7    244    698    994   1415   1774   1996   1725   1021    146   -602  -1160  -1221  -1119   -816   -391     -2      0      0      0  
         19 :   -55   -117     19    389    774   1057   1472   1828   2005   1812   1113    137   -702  -1289  -1653  -1686  -1387   -962   -510   -182      0      0      0      0  
         20 :   -81    110    607   1284   1755   2059   2041   1922   1271    464   -531  -1142  -1590  -1705  -1483  -1057   -615   -281    -78      0      0      0      0      0  
         21 :   191    616   1077   1412   1635   1513   1007    300   -408  -1068  -1470  -1596  -1431  -1060   -623   -290    -83     -2      0      0      0      0      0      0  
         22 :    81    162    171      0   -260   -712  -1167  -1657  -1872  -1818  -1527  -1162   -681   -295    -89     -9      0      0      0      0      0      0      0      0  
         23 :  -191   -616  -1095  -1601  -2066  -2263  -2223  -2004  -1631  -1177   -789   -404   -144    -11      0      0      0      0      0      0      0      0      0      0  
         24 :$finish called at time : 16600 ns : File "/home/curry/code/BNN_accelerator/sim/conv_tb.v" Line 132
relaunch_sim
Command: launch_simulation -step compile -simset sim_1 -mode behavioral
INFO: [Vivado 12-12493] Simulation top is 'conv_tb'
INFO: [Vivado 12-5682] Launching behavioral simulation in '/home/curry/code/BNN/BNN.sim/sim_1/behav/xsim'
INFO: [SIM-utils-51] Simulation object is 'sim_1'
INFO: [SIM-utils-72] Using boost library from '/home/curry/Xilinx/Vivado/2024.1/tps/boost_1_72_0'
INFO: [SIM-utils-54] Inspecting design source files for 'conv_tb' in fileset 'sim_1'...
INFO: [USF-XSim-97] Finding global include files...
INFO: [USF-XSim-98] Fetching design files from 'sim_1'...
INFO: [USF-XSim-2] XSim::Compile design
INFO: [USF-XSim-61] Executing 'COMPILE and ANALYZE' step in '/home/curry/code/BNN/BNN.sim/sim_1/behav/xsim'
xvlog --incr --relax -prj conv_tb_vlog.prj
INFO: [VRFC 10-2263] Analyzing Verilog file "/home/curry/code/BNN_accelerator/rtl/conv.v" into library xil_defaultlib
INFO: [VRFC 10-311] analyzing module conv
INFO: [VRFC 10-2263] Analyzing Verilog file "/home/curry/code/BNN_accelerator/rtl/window.v" into library xil_defaultlib
INFO: [VRFC 10-311] analyzing module window
INFO: [VRFC 10-2263] Analyzing Verilog file "/home/curry/code/BNN_accelerator/sim/conv_tb.v" into library xil_defaultlib
INFO: [VRFC 10-311] analyzing module conv_tb
Waiting for jobs to finish...
No pending jobs, compilation finished.
INFO: [USF-XSim-69] 'compile' step finished in '1' seconds
Command: launch_simulation -step elaborate -simset sim_1 -mode behavioral
INFO: [Vivado 12-12493] Simulation top is 'conv_tb'
INFO: [Vivado 12-5682] Launching behavioral simulation in '/home/curry/code/BNN/BNN.sim/sim_1/behav/xsim'
INFO: [SIM-utils-51] Simulation object is 'sim_1'
INFO: [USF-XSim-3] XSim::Elaborate design
INFO: [USF-XSim-61] Executing 'ELABORATE' step in '/home/curry/code/BNN/BNN.sim/sim_1/behav/xsim'
xelab --incr --debug typical --relax --mt 8 -L xil_defaultlib -L unisims_ver -L unimacro_ver -L secureip --snapshot conv_tb_behav xil_defaultlib.conv_tb xil_defaultlib.glbl -log elaborate.log
Vivado Simulator v2024.1
Copyright 1986-2022 Xilinx, Inc. All Rights Reserved.
Copyright 2022-2024 Advanced Micro Devices, Inc. All Rights Reserved.
Running: /home/curry/Xilinx/Vivado/2024.1/bin/unwrapped/lnx64.o/xelab --incr --debug typical --relax --mt 8 -L xil_defaultlib -L unisims_ver -L unimacro_ver -L secureip --snapshot conv_tb_behav xil_defaultlib.conv_tb xil_defaultlib.glbl -log elaborate.log 
Using 8 slave threads.
Starting static elaboration
Pass Through NonSizing Optimizer
Completed static elaboration
Starting simulation data flow analysis
WARNING: [XSIM 43-4100] "/home/curry/code/BNN/BNN.sim/sim_1/behav/xsim/glbl.v" Line 6. Module glbl has a timescale but at least one module in design doesn't have timescale.
WARNING: [XSIM 43-4100] "/home/curry/code/BNN/BNN.sim/sim_1/behav/xsim/glbl.v" Line 6. Module glbl has a timescale but at least one module in design doesn't have timescale.
Completed simulation data flow analysis
Time Resolution for simulation is 1ps
Compiling module xil_defaultlib.conv
Compiling module xil_defaultlib.window
Compiling module xil_defaultlib.conv_tb
Compiling module xil_defaultlib.glbl
Built simulation snapshot conv_tb_behav
INFO: [USF-XSim-69] 'elaborate' step finished in '1' seconds
Time resolution is 1 ps
restart
INFO: [Wavedata 42-604] Simulation restarted
run 200 us
image read done
conv complete
          0 :     0      0      0      0      0      0      0      0      0      0      0      0      0      0      0      0      0      0      0      0      0      0      0      0  
          1 :     0      0      0      0      0      0      0      0     -3    -15      3     21    -75      8     87    393     45    -24     25    515    463    119   -120   -127  
          2 :     0      0      0      0    -30     -6    -28      6     87    150    269    326    519    569    754    787    773    913   1116   1275   1043    646    243     63  
          3 :     0      0      0    -49   -159    100    447    756    755    981   1216   1393   1618   1836   2121   1899   1876   1853   2044   1842   1562   1113    594    191  
          4 :     0      0      0     31    116    590   1190   1814   2018   2204   2458   2560   2397   2345   2339   1913   1282    710    570    364    136    -33    -76    -63  
          5 :     0      0      0     67    414    888   1505   1818   2177   2054   2105   1480    953    498    447    162   -425  -1252  -1604  -1488  -1372  -1035   -594   -191  
          6 :     0      0      0    -31      0    106    146     93    262    571    346   -298   -965  -1084  -1264  -1221  -1232  -1314  -1439  -1185   -931   -596   -298    -64  
          7 :     0      0      0    -67   -444   -780  -1178  -1416  -1324   -842   -568   -879  -1604  -2069  -1765  -1405  -1052   -651   -352   -259   -177    -95    -39      0  
          8 :     0      0      0    -18   -317   -712  -1071  -1295  -1445  -1197   -573   -278   -724  -1435  -1144   -867   -685   -395      0      0      0      0      0      0  
          9 :     0      0      0      0    -80   -250   -358   -615   -713   -656   -168    230    586    263    -92   -248   -304   -155      0      0      0      0      0      0  
         10 :     0      0      0      0      0    -14    -15   -297   -578   -445   -216    172    815   1322    922    413      0    -93    -25      0      0      0      0      0  
         11 :     0      0      0      0      0      0      0   -150   -558   -679   -331    -14    616   1397   1809   1362    683     69    -98    -27      0      0      0      0  
         12 :     0      0      0      0      0      0      0    -11   -236   -649   -659   -396    -48    482   1321   1645   1570    761    136   -160      0      0      0      0  
         13 :     0      0      0      0      0      0      0      0    -35   -357   -777   -988  -1003   -832    113   1004   1649   1294    652     29    -64      0      0      0  
         14 :     0      0      0      0      0      0      0      0      0    -81   -412   -873  -1209   -967   -394    385   1048   1142    760    268     62      0      0      0  
         15 :     0      0      0      0      0      0      0      0    -39   -109    -41     92    104     97    146    428    677    587    343    126     66      0      0      0  
         16 :     0      0      0      0      0      0    -24    -90    -44    293    773   1189   1457   1443   1363    944    262   -230   -190   -109    -62      0      0      0  
         17 :     0      0      0      0    -23    -43   -100    187    654   1199   1528   1895   2166   1765    937     84   -322   -568   -518   -340    -66      0      0      0  
         18 :     0      0    -18   -153     -7    244    698    994   1415   1774   1996   1725   1021    146   -602  -1160  -1221  -1119   -816   -391     -2      0      0      0  
         19 :   -55   -117     19    389    774   1057   1472   1828   2005   1812   1113    137   -702  -1289  -1653  -1686  -1387   -962   -510   -182      0      0      0      0  
         20 :   -81    110    607   1284   1755   2059   2041   1922   1271    464   -531  -1142  -1590  -1705  -1483  -1057   -615   -281    -78      0      0      0      0      0  
         21 :   191    616   1077   1412   1635   1513   1007    300   -408  -1068  -1470  -1596  -1431  -1060   -623   -290    -83     -2      0      0      0      0      0      0  
         22 :    81    162    171      0   -260   -712  -1167  -1657  -1872  -1818  -1527  -1162   -681   -295    -89     -9      0      0      0      0      0      0      0      0  
         23 :  -191   -616  -1095  -1601  -2066  -2263  -2223  -2004  -1631  -1177   -789   -404   -144    -11      0      0      0      0      0      0      0      0      0      0  
         24 :$finish called at time : 16600 ns : File "/home/curry/code/BNN_accelerator/sim/conv_tb.v" Line 132
WARNING: [filemgmt 56-199] Attempt to get parsing info during refresh. "On-the-fly" syntax checking information may be incorrect. [/home/curry/code/BNN_accelerator/sim/conv_tb.v:]
WARNING: [filemgmt 56-199] Attempt to get parsing info during refresh. "On-the-fly" syntax checking information may be incorrect. [/home/curry/code/BNN_accelerator/rtl/conv.v:]
WARNING: [filemgmt 56-199] Attempt to get parsing info during refresh. "On-the-fly" syntax checking information may be incorrect. [/home/curry/code/BNN_accelerator/rtl/conv.v:]
WARNING: [filemgmt 56-199] Attempt to get parsing info during refresh. "On-the-fly" syntax checking information may be incorrect. [/home/curry/code/BNN_accelerator/rtl/conv.v:]
add_files -norecurse /home/curry/code/BNN_accelerator/rtl/conv_mix.v
WARNING: [filemgmt 56-199] Attempt to get parsing info during refresh. "On-the-fly" syntax checking information may be incorrect. [/home/curry/code/BNN_accelerator/sim/conv_tb.v:]
WARNING: [filemgmt 56-199] Attempt to get parsing info during refresh. "On-the-fly" syntax checking information may be incorrect. [/home/curry/code/BNN_accelerator/rtl/conv.v:]
WARNING: [filemgmt 56-199] Attempt to get parsing info during refresh. "On-the-fly" syntax checking information may be incorrect. [/home/curry/code/BNN_accelerator/rtl/conv.v:]
WARNING: [filemgmt 56-199] Attempt to get parsing info during refresh. "On-the-fly" syntax checking information may be incorrect. [/home/curry/code/BNN_accelerator/rtl/conv.v:]
update_compile_order -fileset sources_1
WARNING: [filemgmt 56-199] Attempt to get parsing info during refresh. "On-the-fly" syntax checking information may be incorrect. [/home/curry/code/BNN_accelerator/sim/conv_tb.v:]
WARNING: [filemgmt 56-199] Attempt to get parsing info during refresh. "On-the-fly" syntax checking information may be incorrect. [/home/curry/code/BNN_accelerator/rtl/conv.v:]
WARNING: [filemgmt 56-199] Attempt to get parsing info during refresh. "On-the-fly" syntax checking information may be incorrect. [/home/curry/code/BNN_accelerator/sim/conv_tb.v:]
WARNING: [filemgmt 56-199] Attempt to get parsing info during refresh. "On-the-fly" syntax checking information may be incorrect. [/home/curry/code/BNN_accelerator/sim/conv_tb.v:]
WARNING: [filemgmt 56-199] Attempt to get parsing info during refresh. "On-the-fly" syntax checking information may be incorrect. [/home/curry/code/BNN_accelerator/sim/conv_tb.v:]
WARNING: [filemgmt 56-199] Attempt to get parsing info during refresh. "On-the-fly" syntax checking information may be incorrect. [/home/curry/code/BNN_accelerator/rtl/conv.v:]
WARNING: [filemgmt 56-199] Attempt to get parsing info during refresh. "On-the-fly" syntax checking information may be incorrect. [/home/curry/code/BNN_accelerator/sim/conv_tb.v:]
WARNING: [filemgmt 56-199] Attempt to get parsing info during refresh. "On-the-fly" syntax checking information may be incorrect. [/home/curry/code/BNN_accelerator/sim/conv_tb.v:]
update_compile_order -fileset sources_1
WARNING: [filemgmt 56-199] Attempt to get parsing info during refresh. "On-the-fly" syntax checking information may be incorrect. [/home/curry/code/BNN_accelerator/sim/conv_tb.v:]
WARNING: [filemgmt 56-199] Attempt to get parsing info during refresh. "On-the-fly" syntax checking information may be incorrect. [/home/curry/code/BNN_accelerator/rtl/conv.v:]
WARNING: [filemgmt 56-199] Attempt to get parsing info during refresh. "On-the-fly" syntax checking information may be incorrect. [/home/curry/code/BNN_accelerator/rtl/conv.v:]
WARNING: [filemgmt 56-199] Attempt to get parsing info during refresh. "On-the-fly" syntax checking information may be incorrect. [/home/curry/code/BNN_accelerator/rtl/conv.v:]
set_property SOURCE_SET sources_1 [get_filesets sim_1]
add_files -fileset sim_1 -norecurse /home/curry/code/BNN_accelerator/sim/conv_mix_tb.v
WARNING: [filemgmt 56-199] Attempt to get parsing info during refresh. "On-the-fly" syntax checking information may be incorrect. [/home/curry/code/BNN_accelerator/sim/conv_tb.v:]
WARNING: [filemgmt 56-199] Attempt to get parsing info during refresh. "On-the-fly" syntax checking information may be incorrect. [/home/curry/code/BNN_accelerator/rtl/conv.v:]
WARNING: [filemgmt 56-199] Attempt to get parsing info during refresh. "On-the-fly" syntax checking information may be incorrect. [/home/curry/code/BNN_accelerator/sim/conv_tb.v:]
WARNING: [filemgmt 56-199] Attempt to get parsing info during refresh. "On-the-fly" syntax checking information may be incorrect. [/home/curry/code/BNN_accelerator/sim/conv_tb.v:]
update_compile_order -fileset sim_1
WARNING: [filemgmt 56-199] Attempt to get parsing info during refresh. "On-the-fly" syntax checking information may be incorrect. [/home/curry/code/BNN_accelerator/sim/conv_tb.v:]
WARNING: [filemgmt 56-199] Attempt to get parsing info during refresh. "On-the-fly" syntax checking information may be incorrect. [/home/curry/code/BNN_accelerator/rtl/conv.v:]
WARNING: [filemgmt 56-199] Attempt to get parsing info during refresh. "On-the-fly" syntax checking information may be incorrect. [/home/curry/code/BNN_accelerator/rtl/conv.v:]
WARNING: [filemgmt 56-199] Attempt to get parsing info during refresh. "On-the-fly" syntax checking information may be incorrect. [/home/curry/code/BNN_accelerator/rtl/conv.v:]
set_property top conv_tb [get_filesets sim_1]
WARNING: [filemgmt 56-199] Attempt to get parsing info during refresh. "On-the-fly" syntax checking information may be incorrect. [/home/curry/code/BNN_accelerator/sim/conv_mix_tb.v:]
WARNING: [filemgmt 56-199] Attempt to get parsing info during refresh. "On-the-fly" syntax checking information may be incorrect. [/home/curry/code/BNN_accelerator/sim/conv_tb.v:]
WARNING: [filemgmt 56-199] Attempt to get parsing info during refresh. "On-the-fly" syntax checking information may be incorrect. [/home/curry/code/BNN_accelerator/rtl/conv.v:]
WARNING: [filemgmt 56-199] Attempt to get parsing info during refresh. "On-the-fly" syntax checking information may be incorrect. [/home/curry/code/BNN_accelerator/rtl/conv.v:]
WARNING: [filemgmt 56-199] Attempt to get parsing info during refresh. "On-the-fly" syntax checking information may be incorrect. [/home/curry/code/BNN_accelerator/rtl/conv.v:]
WARNING: [filemgmt 56-199] Attempt to get parsing info during refresh. "On-the-fly" syntax checking information may be incorrect. [/home/curry/code/BNN_accelerator/sim/conv_mix_tb.v:]
WARNING: [filemgmt 56-199] Attempt to get parsing info during refresh. "On-the-fly" syntax checking information may be incorrect. [/home/curry/code/BNN_accelerator/sim/conv_tb.v:]
WARNING: [filemgmt 56-199] Attempt to get parsing info during refresh. "On-the-fly" syntax checking information may be incorrect. [/home/curry/code/BNN_accelerator/rtl/conv.v:]
WARNING: [filemgmt 56-199] Attempt to get parsing info during refresh. "On-the-fly" syntax checking information may be incorrect. [/home/curry/code/BNN_accelerator/sim/conv_tb.v:]
WARNING: [filemgmt 56-199] Attempt to get parsing info during refresh. "On-the-fly" syntax checking information may be incorrect. [/home/curry/code/BNN_accelerator/sim/conv_tb.v:]
WARNING: [filemgmt 56-199] Attempt to get parsing info during refresh. "On-the-fly" syntax checking information may be incorrect. [/home/curry/code/BNN_accelerator/sim/conv_mix_tb.v:]
WARNING: [filemgmt 56-199] Attempt to get parsing info during refresh. "On-the-fly" syntax checking information may be incorrect. [/home/curry/code/BNN_accelerator/sim/conv_tb.v:]
WARNING: [filemgmt 56-199] Attempt to get parsing info during refresh. "On-the-fly" syntax checking information may be incorrect. [/home/curry/code/BNN_accelerator/rtl/conv.v:]
WARNING: [filemgmt 56-199] Attempt to get parsing info during refresh. "On-the-fly" syntax checking information may be incorrect. [/home/curry/code/BNN_accelerator/sim/conv_tb.v:]
WARNING: [filemgmt 56-199] Attempt to get parsing info during refresh. "On-the-fly" syntax checking information may be incorrect. [/home/curry/code/BNN_accelerator/sim/conv_tb.v:]
WARNING: [filemgmt 56-199] Attempt to get parsing info during refresh. "On-the-fly" syntax checking information may be incorrect. [/home/curry/code/BNN_accelerator/sim/conv_mix_tb.v:]
WARNING: [filemgmt 56-199] Attempt to get parsing info during refresh. "On-the-fly" syntax checking information may be incorrect. [/home/curry/code/BNN_accelerator/sim/conv_tb.v:]
WARNING: [filemgmt 56-199] Attempt to get parsing info during refresh. "On-the-fly" syntax checking information may be incorrect. [/home/curry/code/BNN_accelerator/rtl/conv.v:]
WARNING: [filemgmt 56-199] Attempt to get parsing info during refresh. "On-the-fly" syntax checking information may be incorrect. [/home/curry/code/BNN_accelerator/sim/conv_mix_tb.v:]
WARNING: [filemgmt 56-199] Attempt to get parsing info during refresh. "On-the-fly" syntax checking information may be incorrect. [/home/curry/code/BNN_accelerator/sim/conv_mix_tb.v:]
close_sim
INFO: [Simtcl 6-16] Simulation closed
launch_simulation
Command: launch_simulation 
INFO: [Vivado 12-12493] Simulation top is 'conv_tb'
INFO: [Vivado 12-5682] Launching behavioral simulation in '/home/curry/code/BNN/BNN.sim/sim_1/behav/xsim'
INFO: [SIM-utils-51] Simulation object is 'sim_1'
INFO: [SIM-utils-72] Using boost library from '/home/curry/Xilinx/Vivado/2024.1/tps/boost_1_72_0'
INFO: [SIM-utils-54] Inspecting design source files for 'conv_tb' in fileset 'sim_1'...
INFO: [USF-XSim-97] Finding global include files...
INFO: [USF-XSim-98] Fetching design files from 'sim_1'...
INFO: [USF-XSim-2] XSim::Compile design
INFO: [USF-XSim-61] Executing 'COMPILE and ANALYZE' step in '/home/curry/code/BNN/BNN.sim/sim_1/behav/xsim'
xvlog --incr --relax -prj conv_tb_vlog.prj
INFO: [VRFC 10-2263] Analyzing Verilog file "/home/curry/code/BNN_accelerator/rtl/conv.v" into library xil_defaultlib
INFO: [VRFC 10-311] analyzing module conv
INFO: [VRFC 10-2263] Analyzing Verilog file "/home/curry/code/BNN_accelerator/rtl/window.v" into library xil_defaultlib
INFO: [VRFC 10-311] analyzing module window
INFO: [VRFC 10-2263] Analyzing Verilog file "/home/curry/code/BNN_accelerator/sim/conv_tb.v" into library xil_defaultlib
INFO: [VRFC 10-311] analyzing module conv_tb
Waiting for jobs to finish...
No pending jobs, compilation finished.
INFO: [USF-XSim-69] 'compile' step finished in '1' seconds
INFO: [USF-XSim-3] XSim::Elaborate design
INFO: [USF-XSim-61] Executing 'ELABORATE' step in '/home/curry/code/BNN/BNN.sim/sim_1/behav/xsim'
xelab --incr --debug typical --relax --mt 8 -L xil_defaultlib -L unisims_ver -L unimacro_ver -L secureip --snapshot conv_tb_behav xil_defaultlib.conv_tb xil_defaultlib.glbl -log elaborate.log
Vivado Simulator v2024.1
Copyright 1986-2022 Xilinx, Inc. All Rights Reserved.
Copyright 2022-2024 Advanced Micro Devices, Inc. All Rights Reserved.
Running: /home/curry/Xilinx/Vivado/2024.1/bin/unwrapped/lnx64.o/xelab --incr --debug typical --relax --mt 8 -L xil_defaultlib -L unisims_ver -L unimacro_ver -L secureip --snapshot conv_tb_behav xil_defaultlib.conv_tb xil_defaultlib.glbl -log elaborate.log 
Using 8 slave threads.
Starting static elaboration
Pass Through NonSizing Optimizer
Completed static elaboration
Starting simulation data flow analysis
WARNING: [XSIM 43-4100] "/home/curry/code/BNN/BNN.sim/sim_1/behav/xsim/glbl.v" Line 6. Module glbl has a timescale but at least one module in design doesn't have timescale.
WARNING: [XSIM 43-4100] "/home/curry/code/BNN/BNN.sim/sim_1/behav/xsim/glbl.v" Line 6. Module glbl has a timescale but at least one module in design doesn't have timescale.
Completed simulation data flow analysis
Time Resolution for simulation is 1ps
Compiling module xil_defaultlib.conv
Compiling module xil_defaultlib.window
Compiling module xil_defaultlib.conv_tb
Compiling module xil_defaultlib.glbl
Built simulation snapshot conv_tb_behav
INFO: [USF-XSim-69] 'elaborate' step finished in '1' seconds
INFO: [USF-XSim-4] XSim::Simulate design
INFO: [USF-XSim-61] Executing 'SIMULATE' step in '/home/curry/code/BNN/BNN.sim/sim_1/behav/xsim'
INFO: [USF-XSim-98] *** Running xsim
   with args "conv_tb_behav -key {Behavioral:sim_1:Functional:conv_tb} -tclbatch {conv_tb.tcl} -log {simulate.log}"
INFO: [USF-XSim-8] Loading simulator feature
Time resolution is 1 ps
source conv_tb.tcl
# set curr_wave [current_wave_config]
# if { [string length $curr_wave] == 0 } {
#   if { [llength [get_objects]] > 0} {
#     add_wave /
#     set_property needs_save false [current_wave_config]
#   } else {
#      send_msg_id Add_Wave-1 WARNING "No top level signals found. Simulator will start without a wave window. If you want to open a wave window go to 'File->New Waveform Configuration' or type 'create_wave_config' in the TCL console."
#   }
# }
# run 1000ns
INFO: [USF-XSim-96] XSim completed. Design snapshot 'conv_tb_behav' loaded.
INFO: [USF-XSim-97] XSim simulation ran for 1000ns
restart
INFO: [Wavedata 42-604] Simulation restarted
run 200 us
image read done
conv complete
          0 :     0      0      0      0      0      0      0      0      0      0      0      0      0      0      0      0      0      0      0      0      0      0      0      0  
          1 :     0      0      0      0      0      0      0      0     -3    -21    -33    -15   -105   -208   -149     79    245    -84   -135     73    541    629    374    127  
          2 :     0      0      0      0    -30    -66   -100   -182   -167   -154    -85     92    101    297    404    791    603    403    588    975   1421   1130    633    191  
          3 :     0      0      0    -49   -317   -448   -247     40    385    475    710    887   1112   1330   1675   1875   1712   1707   1728   1800   1726   1225    672    191  
          4 :     0      0      0    -67   -396   -354    178    838   1450   1734   1988   2200   2285   2127   2417   2165   1944   1590    986    618    136    -33    -76    -63  
          5 :     0      0      0     31     36    294    875   1406   1665   1860   2019   2106   1471    846    611    506    167   -460  -1214  -1360  -1372  -1035   -594   -191  
          6 :     0      0      0     67    316    300    410     91    -46    189    652    516    -39   -710  -1078  -1057  -1068  -1202  -1361  -1185   -931   -596   -298    -64  
          7 :     0      0      0    -31     -6   -302   -674  -1218  -1602  -1022   -552   -241   -604  -1207  -1761  -1405  -1052   -651   -352   -259   -177    -95    -39      0  
          8 :     0      0      0    -18   -157   -400   -857  -1067  -1467  -1547  -1061   -396   -258   -621  -1004   -867   -685   -395      0      0      0      0      0      0  
          9 :     0      0      0      0    -80   -222   -356   -329   -587  -1052   -790   -220    336    529    356     72    -88   -153      0      0      0      0      0      0  
         10 :     0      0      0      0      0    -14    -15    -19   -142   -547   -824   -628     93    976   1164    869    506    145     25      0      0      0      0      0  
         11 :     0      0      0      0      0      0      0   -128   -178   -335   -671   -610   -262    653   1343   1434   1135    575    202     27      0      0      0      0  
         12 :     0      0      0      0      0      0      0    -11   -166   -167   -299   -448   -370   -208    517   1117   1382   1265    642    214      0      0      0      0  
         13 :     0      0      0      0      0      0      0      0    -35   -195   -297   -514   -683  -1098   -841    124   1151   1664   1158    527     64      0      0      0  
         14 :     0      0      0      0      0      0      0      0      0    -81   -322   -593   -963  -1325  -1014   -305    872   1644   1266    682     66      0      0      0  
         15 :     0      0      0      0      0      0      0      0    -39   -187   -429   -594   -504   -115     98    394    815   1093    843    490     66      0      0      0  
         16 :     0      0      0      0      0      0    -24   -138   -350   -445   -143    405    887   1435   1473   1428    896    172    -34   -109    -62      0      0      0  
         17 :     0      0      0      0    -23    -89   -280   -467   -248    319   1034   1649   2136   2213   1789    894   -156   -564   -518   -340    -66      0      0      0  
         18 :     0      0    -18   -189   -395   -326   -198    324    919   1564   2064   2181   1853   1038     58   -778  -1221  -1119   -816   -391     -2      0      0      0  
         19 :   -55   -227   -361   -405    -60    389    960   1550   1959   2168   1943   1113     70   -865  -1497  -1686  -1387   -962   -510   -182      0      0      0      0  
         20 :  -191   -506   -351    272   1061   1767   2197   2182   1903   1218    239   -714  -1428  -1701  -1483  -1057   -615   -281    -78      0      0      0      0      0  
         21 :   -81    110    607   1248   1649   1749   1249    774     98   -678  -1310  -1578  -1431  -1060   -623   -290    -83     -2      0      0      0      0      0      0  
         22 :   191    506    623    506    246   -206   -661  -1169  -1606  -1796  -1527  -1162   -681   -295    -89     -9      0      0      0      0      0      0      0      0  
         23 :    81   -110   -589  -1095  -1642  -1993  -1959  -1972  -1631  -1177   -789   -404   -144    -11      0      0      0      0      0      0      0      0      0      0  
         24 :$finish called at time : 16600 ns : File "/home/curry/code/BNN_accelerator/sim/conv_tb.v" Line 132
launch_runs synth_1 -jobs 32
WARNING: [Vivado 12-7122] Auto Incremental Compile:: No reference checkpoint was found in run synth_1. Auto-incremental flow will not be run, the standard flow will be run instead.
[Sat Nov 23 14:46:42 2024] Launched synth_1...
Run output will be captured here: /home/curry/code/BNN/BNN.runs/synth_1/runme.log
launch_simulation -mode post-synthesis -type functional
Command: launch_simulation  -mode post-synthesis -type functional
INFO: [Vivado 12-12493] Simulation top is 'conv_tb'
INFO: [Vivado 12-5682] Launching post-synthesis functional simulation in '/home/curry/code/BNN/BNN.sim/sim_1/synth/func/xsim'
INFO: [SIM-utils-51] Simulation object is 'sim_1'
INFO: [SIM-utils-72] Using boost library from '/home/curry/Xilinx/Vivado/2024.1/tps/boost_1_72_0'
Design is defaulting to impl run constrset: constrs_1
Design is defaulting to synth run part: xc7vx485tffg1157-1
INFO: [Device 21-403] Loading part xc7vx485tffg1157-1
WARNING: [filemgmt 56-199] Attempt to get parsing info during refresh. "On-the-fly" syntax checking information may be incorrect. [/home/curry/code/BNN_accelerator/sim/conv_mix_tb.v:]
WARNING: [filemgmt 56-199] Attempt to get parsing info during refresh. "On-the-fly" syntax checking information may be incorrect. [/home/curry/code/BNN_accelerator/sim/conv_tb.v:]
WARNING: [filemgmt 56-199] Attempt to get parsing info during refresh. "On-the-fly" syntax checking information may be incorrect. [/home/curry/code/BNN_accelerator/rtl/conv.v:]
WARNING: [filemgmt 56-199] Attempt to get parsing info during refresh. "On-the-fly" syntax checking information may be incorrect. [/home/curry/code/BNN_accelerator/sim/conv_tb.v:]
WARNING: [filemgmt 56-199] Attempt to get parsing info during refresh. "On-the-fly" syntax checking information may be incorrect. [/home/curry/code/BNN_accelerator/sim/conv_tb.v:]
WARNING: [filemgmt 56-199] Attempt to get parsing info during refresh. "On-the-fly" syntax checking information may be incorrect. [/home/curry/code/BNN_accelerator/sim/conv_mix_tb.v:]
WARNING: [filemgmt 56-199] Attempt to get parsing info during refresh. "On-the-fly" syntax checking information may be incorrect. [/home/curry/code/BNN_accelerator/sim/conv_tb.v:]
WARNING: [filemgmt 56-199] Attempt to get parsing info during refresh. "On-the-fly" syntax checking information may be incorrect. [/home/curry/code/BNN_accelerator/rtl/conv.v:]
WARNING: [filemgmt 56-199] Attempt to get parsing info during refresh. "On-the-fly" syntax checking information may be incorrect. [/home/curry/code/BNN_accelerator/sim/conv_mix_tb.v:]
WARNING: [filemgmt 56-199] Attempt to get parsing info during refresh. "On-the-fly" syntax checking information may be incorrect. [/home/curry/code/BNN_accelerator/sim/conv_mix_tb.v:]
INFO: [Device 21-9227] Part: xc7vx485tffg1157-1 does not have CEAM library.
Netlist sorting complete. Time (s): cpu = 00:00:00.01 ; elapsed = 00:00:00 . Memory (MB): peak = 8797.371 ; gain = 0.000 ; free physical = 9031 ; free virtual = 14854
INFO: [Netlist 29-17] Analyzing 202 Unisim elements for replacement
INFO: [Netlist 29-28] Unisim Transformation completed in 0 CPU seconds
WARNING: [Netlist 29-101] Netlist 'conv_mix' is not ideal for floorplanning, since the cellview 'conv' contains a large number of primitives.  Please consider enabling hierarchy in synthesis if you want to do floorplanning.
INFO: [Project 1-479] Netlist was created with Vivado 2024.1
INFO: [Project 1-570] Preparing netlist for logic optimization
INFO: [Opt 31-138] Pushed 0 inverter(s) to 0 load pin(s).
Netlist sorting complete. Time (s): cpu = 00:00:00 ; elapsed = 00:00:00 . Memory (MB): peak = 8914.109 ; gain = 0.000 ; free physical = 8953 ; free virtual = 14777
INFO: [Project 1-111] Unisim Transformation Summary:
No Unisim elements were transformed.

open_run: Time (s): cpu = 00:00:12 ; elapsed = 00:00:08 . Memory (MB): peak = 9289.199 ; gain = 783.324 ; free physical = 8658 ; free virtual = 14510
INFO: [SIM-utils-24] Writing simulation netlist file for design 'synth_1'...
INFO: [SIM-utils-25] write_verilog -mode funcsim -nolib -force -file "/home/curry/code/BNN/BNN.sim/sim_1/synth/func/xsim/conv_tb_func_synth.v"
INFO: [SIM-utils-36] Netlist generated:/home/curry/code/BNN/BNN.sim/sim_1/synth/func/xsim/conv_tb_func_synth.v
INFO: [SIM-utils-54] Inspecting design source files for 'conv_tb' in fileset 'sim_1'...
INFO: [USF-XSim-2] XSim::Compile design
INFO: [USF-XSim-61] Executing 'COMPILE and ANALYZE' step in '/home/curry/code/BNN/BNN.sim/sim_1/synth/func/xsim'
xvlog --incr --relax -prj conv_tb_vlog.prj
INFO: [VRFC 10-2263] Analyzing Verilog file "/home/curry/code/BNN/BNN.sim/sim_1/synth/func/xsim/conv_tb_func_synth.v" into library xil_defaultlib
INFO: [VRFC 10-311] analyzing module conv
INFO: [VRFC 10-311] analyzing module conv_mix
INFO: [VRFC 10-311] analyzing module window
INFO: [VRFC 10-311] analyzing module glbl
INFO: [VRFC 10-2263] Analyzing Verilog file "/home/curry/code/BNN_accelerator/rtl/conv.v" into library xil_defaultlib
INFO: [VRFC 10-311] analyzing module conv
WARNING: [VRFC 10-3609] overwriting previous definition of module 'conv' [/home/curry/code/BNN_accelerator/rtl/conv.v:1]
INFO: [VRFC 10-2263] Analyzing Verilog file "/home/curry/code/BNN_accelerator/rtl/window.v" into library xil_defaultlib
INFO: [VRFC 10-311] analyzing module window
WARNING: [VRFC 10-3609] overwriting previous definition of module 'window' [/home/curry/code/BNN_accelerator/rtl/window.v:1]
INFO: [VRFC 10-2263] Analyzing Verilog file "/home/curry/code/BNN_accelerator/sim/conv_tb.v" into library xil_defaultlib
INFO: [VRFC 10-311] analyzing module conv_tb
Waiting for jobs to finish...
No pending jobs, compilation finished.
INFO: [USF-XSim-69] 'compile' step finished in '1' seconds
INFO: [USF-XSim-3] XSim::Elaborate design
INFO: [USF-XSim-61] Executing 'ELABORATE' step in '/home/curry/code/BNN/BNN.sim/sim_1/synth/func/xsim'
xelab --incr --debug typical --relax --mt 8 -L xil_defaultlib -L unisims_ver -L secureip --snapshot conv_tb_func_synth xil_defaultlib.conv_tb xil_defaultlib.glbl -log elaborate.log
Vivado Simulator v2024.1
Copyright 1986-2022 Xilinx, Inc. All Rights Reserved.
Copyright 2022-2024 Advanced Micro Devices, Inc. All Rights Reserved.
Running: /home/curry/Xilinx/Vivado/2024.1/bin/unwrapped/lnx64.o/xelab --incr --debug typical --relax --mt 8 -L xil_defaultlib -L unisims_ver -L secureip --snapshot conv_tb_func_synth xil_defaultlib.conv_tb xil_defaultlib.glbl -log elaborate.log 
Using 8 slave threads.
Starting static elaboration
Pass Through NonSizing Optimizer
Completed static elaboration
Starting simulation data flow analysis
Completed simulation data flow analysis
Time Resolution for simulation is 1ps
Compiling module xil_defaultlib.conv
Compiling module xil_defaultlib.window
Compiling module xil_defaultlib.conv_tb
Compiling module xil_defaultlib.glbl
Built simulation snapshot conv_tb_func_synth
INFO: [USF-XSim-69] 'elaborate' step finished in '1' seconds
INFO: [USF-XSim-4] XSim::Simulate design
INFO: [USF-XSim-61] Executing 'SIMULATE' step in '/home/curry/code/BNN/BNN.sim/sim_1/synth/func/xsim'
INFO: [USF-XSim-98] *** Running xsim
   with args "conv_tb_func_synth -key {Post-Synthesis:sim_1:Functional:conv_tb} -tclbatch {conv_tb.tcl} -log {simulate.log}"
INFO: [USF-XSim-8] Loading simulator feature
Time resolution is 1 ps
source conv_tb.tcl
# set curr_wave [current_wave_config]
# if { [string length $curr_wave] == 0 } {
#   if { [llength [get_objects]] > 0} {
#     add_wave /
#     set_property needs_save false [current_wave_config]
#   } else {
#      send_msg_id Add_Wave-1 WARNING "No top level signals found. Simulator will start without a wave window. If you want to open a wave window go to 'File->New Waveform Configuration' or type 'create_wave_config' in the TCL console."
#   }
# }
# run 1000ns
image read done
conv complete
          0 :     0      0      0      0      0      0      0      0      0      0      0      0      0      0      0      0      0      0      0      0      0      0      0      0  
          1 :     0      0      0      0      0      0      0      0     -3    -21    -33    -15   -105   -208   -149     79    245    -84   -135     73    541    629    374    127  
          2 :     0      0      0      0    -30    -66   -100   -182   -167   -154    -85     92    101    297    404    791    603    403    588    975   1421   1130    633    191  
          3 :     0      0      0    -49   -317   -448   -247     40    385    475    710    887   1112   1330   1675   1875   1712   1707   1728   1800   1726   1225    672    191  
          4 :     0      0      0    -67   -396   -354    178    838   1450   1734   1988   2200   2285   2127   2417   2165   1944   1590    986    618    136    -33    -76    -63  
          5 :     0      0      0     31     36    294    875   1406   1665   1860   2019   2106   1471    846    611    506    167   -460  -1214  -1360  -1372  -1035   -594   -191  
          6 :     0      0      0     67    316    300    410     91    -46    189    652    516    -39   -710  -1078  -1057  -1068  -1202  -1361  -1185   -931   -596   -298    -64  
          7 :     0      0      0    -31     -6   -302   -674  -1218  -1602  -1022   -552   -241   -604  -1207  -1761  -1405  -1052   -651   -352   -259   -177    -95    -39      0  
          8 :     0      0      0    -18   -157   -400   -857  -1067  -1467  -1547  -1061   -396   -258   -621  -1004   -867   -685   -395      0      0      0      0      0      0  
          9 :     0      0      0      0    -80   -222   -356   -329   -587  -1052   -790   -220    336    529    356     72    -88   -153      0      0      0      0      0      0  
         10 :     0      0      0      0      0    -14    -15    -19   -142   -547   -824   -628     93    976   1164    869    506    145     25      0      0      0      0      0  
         11 :     0      0      0      0      0      0      0   -128   -178   -335   -671   -610   -262    653   1343   1434   1135    575    202     27      0      0      0      0  
         12 :     0      0      0      0      0      0      0    -11   -166   -167   -299   -448   -370   -208    517   1117   1382   1265    642    214      0      0      0      0  
         13 :     0      0      0      0      0      0      0      0    -35   -195   -297   -514   -683  -1098   -841    124   1151   1664   1158    527     64      0      0      0  
         14 :     0      0      0      0      0      0      0      0      0    -81   -322   -593   -963  -1325  -1014   -305    872   1644   1266    682     66      0      0      0  
         15 :     0      0      0      0      0      0      0      0    -39   -187   -429   -594   -504   -115     98    394    815   1093    843    490     66      0      0      0  
         16 :     0      0      0      0      0      0    -24   -138   -350   -445   -143    405    887   1435   1473   1428    896    172    -34   -109    -62      0      0      0  
         17 :     0      0      0      0    -23    -89   -280   -467   -248    319   1034   1649   2136   2213   1789    894   -156   -564   -518   -340    -66      0      0      0  
         18 :     0      0    -18   -189   -395   -326   -198    324    919   1564   2064   2181   1853   1038     58   -778  -1221  -1119   -816   -391     -2      0      0      0  
         19 :   -55   -227   -361   -405    -60    389    960   1550   1959   2168   1943   1113     70   -865  -1497  -1686  -1387   -962   -510   -182      0      0      0      0  
         20 :  -191   -506   -351    272   1061   1767   2197   2182   1903   1218    239   -714  -1428  -1701  -1483  -1057   -615   -281    -78      0      0      0      0      0  
         21 :   -81    110    607   1248   1649   1749   1249    774     98   -678  -1310  -1578  -1431  -1060   -623   -290    -83     -2      0      0      0      0      0      0  
         22 :   191    506    623    506    246   -206   -661  -1169  -1606  -1796  -1527  -1162   -681   -295    -89     -9      0      0      0      0      0      0      0      0  
         23 :    81   -110   -589  -1095  -1642  -1993  -1959  -1972  -1631  -1177   -789   -404   -144    -11      0      0      0      0      0      0      0      0      0      0  
         24 :$finish called at time : 16600 ps : File "/home/curry/code/BNN_accelerator/sim/conv_tb.v" Line 132
INFO: [USF-XSim-96] XSim completed. Design snapshot 'conv_tb_func_synth' loaded.
INFO: [USF-XSim-97] XSim simulation ran for 1000ns
launch_simulation: Time (s): cpu = 00:00:19 ; elapsed = 00:00:12 . Memory (MB): peak = 9775.676 ; gain = 1269.801 ; free physical = 8109 ; free virtual = 13970
restart
INFO: [Wavedata 42-604] Simulation restarted
run 200 us
image read done
conv complete
          0 :     0      0      0      0      0      0      0      0      0      0      0      0      0      0      0      0      0      0      0      0      0      0      0      0  
          1 :     0      0      0      0      0      0      0      0     -3    -21    -33    -15   -105   -208   -149     79    245    -84   -135     73    541    629    374    127  
          2 :     0      0      0      0    -30    -66   -100   -182   -167   -154    -85     92    101    297    404    791    603    403    588    975   1421   1130    633    191  
          3 :     0      0      0    -49   -317   -448   -247     40    385    475    710    887   1112   1330   1675   1875   1712   1707   1728   1800   1726   1225    672    191  
          4 :     0      0      0    -67   -396   -354    178    838   1450   1734   1988   2200   2285   2127   2417   2165   1944   1590    986    618    136    -33    -76    -63  
          5 :     0      0      0     31     36    294    875   1406   1665   1860   2019   2106   1471    846    611    506    167   -460  -1214  -1360  -1372  -1035   -594   -191  
          6 :     0      0      0     67    316    300    410     91    -46    189    652    516    -39   -710  -1078  -1057  -1068  -1202  -1361  -1185   -931   -596   -298    -64  
          7 :     0      0      0    -31     -6   -302   -674  -1218  -1602  -1022   -552   -241   -604  -1207  -1761  -1405  -1052   -651   -352   -259   -177    -95    -39      0  
          8 :     0      0      0    -18   -157   -400   -857  -1067  -1467  -1547  -1061   -396   -258   -621  -1004   -867   -685   -395      0      0      0      0      0      0  
          9 :     0      0      0      0    -80   -222   -356   -329   -587  -1052   -790   -220    336    529    356     72    -88   -153      0      0      0      0      0      0  
         10 :     0      0      0      0      0    -14    -15    -19   -142   -547   -824   -628     93    976   1164    869    506    145     25      0      0      0      0      0  
         11 :     0      0      0      0      0      0      0   -128   -178   -335   -671   -610   -262    653   1343   1434   1135    575    202     27      0      0      0      0  
         12 :     0      0      0      0      0      0      0    -11   -166   -167   -299   -448   -370   -208    517   1117   1382   1265    642    214      0      0      0      0  
         13 :     0      0      0      0      0      0      0      0    -35   -195   -297   -514   -683  -1098   -841    124   1151   1664   1158    527     64      0      0      0  
         14 :     0      0      0      0      0      0      0      0      0    -81   -322   -593   -963  -1325  -1014   -305    872   1644   1266    682     66      0      0      0  
         15 :     0      0      0      0      0      0      0      0    -39   -187   -429   -594   -504   -115     98    394    815   1093    843    490     66      0      0      0  
         16 :     0      0      0      0      0      0    -24   -138   -350   -445   -143    405    887   1435   1473   1428    896    172    -34   -109    -62      0      0      0  
         17 :     0      0      0      0    -23    -89   -280   -467   -248    319   1034   1649   2136   2213   1789    894   -156   -564   -518   -340    -66      0      0      0  
         18 :     0      0    -18   -189   -395   -326   -198    324    919   1564   2064   2181   1853   1038     58   -778  -1221  -1119   -816   -391     -2      0      0      0  
         19 :   -55   -227   -361   -405    -60    389    960   1550   1959   2168   1943   1113     70   -865  -1497  -1686  -1387   -962   -510   -182      0      0      0      0  
         20 :  -191   -506   -351    272   1061   1767   2197   2182   1903   1218    239   -714  -1428  -1701  -1483  -1057   -615   -281    -78      0      0      0      0      0  
         21 :   -81    110    607   1248   1649   1749   1249    774     98   -678  -1310  -1578  -1431  -1060   -623   -290    -83     -2      0      0      0      0      0      0  
         22 :   191    506    623    506    246   -206   -661  -1169  -1606  -1796  -1527  -1162   -681   -295    -89     -9      0      0      0      0      0      0      0      0  
         23 :    81   -110   -589  -1095  -1642  -1993  -1959  -1972  -1631  -1177   -789   -404   -144    -11      0      0      0      0      0      0      0      0      0      0  
         24 :$finish called at time : 16600 ps : File "/home/curry/code/BNN_accelerator/sim/conv_tb.v" Line 132
launch_simulation -mode post-synthesis -type timing
Command: launch_simulation  -mode post-synthesis -type timing
INFO: [Vivado 12-12493] Simulation top is 'conv_tb'
INFO: [Vivado 12-5682] Launching post-synthesis timing simulation in '/home/curry/code/BNN/BNN.sim/sim_1/synth/timing/xsim'
INFO: [SIM-utils-51] Simulation object is 'sim_1'
INFO: [SIM-utils-72] Using boost library from '/home/curry/Xilinx/Vivado/2024.1/tps/boost_1_72_0'
INFO: [SIM-utils-24] Writing simulation netlist file for design 'synth_1'...
INFO: [SIM-utils-25] write_verilog -mode timesim -nolib -sdf_anno true -force -file "/home/curry/code/BNN/BNN.sim/sim_1/synth/timing/xsim/conv_tb_time_synth.v"
INFO: [SIM-utils-27] Writing SDF file...
INFO: [SIM-utils-28] write_sdf -mode timesim -process_corner slow -force -file "/home/curry/code/BNN/BNN.sim/sim_1/synth/timing/xsim/conv_tb_time_synth.sdf"
INFO: [SIM-utils-36] Netlist generated:/home/curry/code/BNN/BNN.sim/sim_1/synth/timing/xsim/conv_tb_time_synth.v
INFO: [SIM-utils-37] SDF generated:/home/curry/code/BNN/BNN.sim/sim_1/synth/timing/xsim/conv_tb_time_synth.sdf
INFO: [SIM-utils-54] Inspecting design source files for 'conv_tb' in fileset 'sim_1'...
INFO: [USF-XSim-2] XSim::Compile design
INFO: [USF-XSim-61] Executing 'COMPILE and ANALYZE' step in '/home/curry/code/BNN/BNN.sim/sim_1/synth/timing/xsim'
xvlog --incr --relax -prj conv_tb_vlog.prj
WARNING: [filemgmt 56-199] Attempt to get parsing info during refresh. "On-the-fly" syntax checking information may be incorrect. [/home/curry/code/BNN_accelerator/sim/conv_mix_tb.v:]
WARNING: [filemgmt 56-199] Attempt to get parsing info during refresh. "On-the-fly" syntax checking information may be incorrect. [/home/curry/code/BNN_accelerator/sim/conv_tb.v:]
WARNING: [filemgmt 56-199] Attempt to get parsing info during refresh. "On-the-fly" syntax checking information may be incorrect. [/home/curry/code/BNN_accelerator/rtl/conv.v:]
WARNING: [filemgmt 56-199] Attempt to get parsing info during refresh. "On-the-fly" syntax checking information may be incorrect. [/home/curry/code/BNN_accelerator/rtl/conv.v:]
WARNING: [filemgmt 56-199] Attempt to get parsing info during refresh. "On-the-fly" syntax checking information may be incorrect. [/home/curry/code/BNN_accelerator/rtl/conv.v:]
INFO: [VRFC 10-2263] Analyzing Verilog file "/home/curry/code/BNN/BNN.sim/sim_1/synth/timing/xsim/conv_tb_time_synth.v" into library xil_defaultlib
INFO: [VRFC 10-311] analyzing module conv
WARNING: [filemgmt 56-199] Attempt to get parsing info during refresh. "On-the-fly" syntax checking information may be incorrect. [/home/curry/code/BNN_accelerator/sim/conv_mix_tb.v:]
WARNING: [filemgmt 56-199] Attempt to get parsing info during refresh. "On-the-fly" syntax checking information may be incorrect. [/home/curry/code/BNN_accelerator/sim/conv_tb.v:]
WARNING: [filemgmt 56-199] Attempt to get parsing info during refresh. "On-the-fly" syntax checking information may be incorrect. [/home/curry/code/BNN_accelerator/rtl/conv.v:]
WARNING: [filemgmt 56-199] Attempt to get parsing info during refresh. "On-the-fly" syntax checking information may be incorrect. [/home/curry/code/BNN_accelerator/sim/conv_tb.v:]
WARNING: [filemgmt 56-199] Attempt to get parsing info during refresh. "On-the-fly" syntax checking information may be incorrect. [/home/curry/code/BNN_accelerator/sim/conv_tb.v:]
INFO: [VRFC 10-311] analyzing module conv_mix
INFO: [VRFC 10-311] analyzing module window
INFO: [VRFC 10-311] analyzing module glbl
INFO: [VRFC 10-2263] Analyzing Verilog file "/home/curry/code/BNN_accelerator/rtl/conv.v" into library xil_defaultlib
INFO: [VRFC 10-311] analyzing module conv
WARNING: [VRFC 10-3609] overwriting previous definition of module 'conv' [/home/curry/code/BNN_accelerator/rtl/conv.v:1]
INFO: [VRFC 10-2263] Analyzing Verilog file "/home/curry/code/BNN_accelerator/rtl/window.v" into library xil_defaultlib
INFO: [VRFC 10-311] analyzing module window
WARNING: [VRFC 10-3609] overwriting previous definition of module 'window' [/home/curry/code/BNN_accelerator/rtl/window.v:1]
INFO: [VRFC 10-2263] Analyzing Verilog file "/home/curry/code/BNN_accelerator/sim/conv_tb.v" into library xil_defaultlib
INFO: [VRFC 10-311] analyzing module conv_tb
Waiting for jobs to finish...
No pending jobs, compilation finished.
INFO: [USF-XSim-69] 'compile' step finished in '0' seconds
INFO: [USF-XSim-3] XSim::Elaborate design
INFO: [USF-XSim-61] Executing 'ELABORATE' step in '/home/curry/code/BNN/BNN.sim/sim_1/synth/timing/xsim'
xelab --incr --debug typical --relax --mt 8 --maxdelay -L xil_defaultlib -L simprims_ver -L secureip --snapshot conv_tb_time_synth -transport_int_delays -pulse_r 0 -pulse_int_r 0 -pulse_e 0 -pulse_int_e 0 xil_defaultlib.conv_tb xil_defaultlib.glbl -log elaborate.log
Vivado Simulator v2024.1
Copyright 1986-2022 Xilinx, Inc. All Rights Reserved.
Copyright 2022-2024 Advanced Micro Devices, Inc. All Rights Reserved.
Running: /home/curry/Xilinx/Vivado/2024.1/bin/unwrapped/lnx64.o/xelab --incr --debug typical --relax --mt 8 --maxdelay -L xil_defaultlib -L simprims_ver -L secureip --snapshot conv_tb_time_synth -transport_int_delays -pulse_r 0 -pulse_int_r 0 -pulse_e 0 -pulse_int_e 0 xil_defaultlib.conv_tb xil_defaultlib.glbl -log elaborate.log 
Using 8 slave threads.
Starting static elaboration
Pass Through NonSizing Optimizer
Completed static elaboration
Starting simulation data flow analysis
Completed simulation data flow analysis
Time Resolution for simulation is 1ps
Compiling module xil_defaultlib.conv
Compiling module xil_defaultlib.window
Compiling module xil_defaultlib.conv_tb
Compiling module xil_defaultlib.glbl
Built simulation snapshot conv_tb_time_synth
INFO: [USF-XSim-69] 'elaborate' step finished in '2' seconds
INFO: [USF-XSim-4] XSim::Simulate design
INFO: [USF-XSim-61] Executing 'SIMULATE' step in '/home/curry/code/BNN/BNN.sim/sim_1/synth/timing/xsim'
INFO: [USF-XSim-98] *** Running xsim
   with args "conv_tb_time_synth -key {Post-Synthesis:sim_1:Timing:conv_tb} -tclbatch {conv_tb.tcl} -log {simulate.log}"
INFO: [USF-XSim-8] Loading simulator feature
Time resolution is 1 ps
source conv_tb.tcl
# set curr_wave [current_wave_config]
# if { [string length $curr_wave] == 0 } {
#   if { [llength [get_objects]] > 0} {
#     add_wave /
#     set_property needs_save false [current_wave_config]
#   } else {
#      send_msg_id Add_Wave-1 WARNING "No top level signals found. Simulator will start without a wave window. If you want to open a wave window go to 'File->New Waveform Configuration' or type 'create_wave_config' in the TCL console."
#   }
# }
# run 1000ns
image read done
conv complete
          0 :     0      0      0      0      0      0      0      0      0      0      0      0      0      0      0      0      0      0      0      0      0      0      0      0  
          1 :     0      0      0      0      0      0      0      0     -3    -21    -33    -15   -105   -208   -149     79    245    -84   -135     73    541    629    374    127  
          2 :     0      0      0      0    -30    -66   -100   -182   -167   -154    -85     92    101    297    404    791    603    403    588    975   1421   1130    633    191  
          3 :     0      0      0    -49   -317   -448   -247     40    385    475    710    887   1112   1330   1675   1875   1712   1707   1728   1800   1726   1225    672    191  
          4 :     0      0      0    -67   -396   -354    178    838   1450   1734   1988   2200   2285   2127   2417   2165   1944   1590    986    618    136    -33    -76    -63  
          5 :     0      0      0     31     36    294    875   1406   1665   1860   2019   2106   1471    846    611    506    167   -460  -1214  -1360  -1372  -1035   -594   -191  
          6 :     0      0      0     67    316    300    410     91    -46    189    652    516    -39   -710  -1078  -1057  -1068  -1202  -1361  -1185   -931   -596   -298    -64  
          7 :     0      0      0    -31     -6   -302   -674  -1218  -1602  -1022   -552   -241   -604  -1207  -1761  -1405  -1052   -651   -352   -259   -177    -95    -39      0  
          8 :     0      0      0    -18   -157   -400   -857  -1067  -1467  -1547  -1061   -396   -258   -621  -1004   -867   -685   -395      0      0      0      0      0      0  
          9 :     0      0      0      0    -80   -222   -356   -329   -587  -1052   -790   -220    336    529    356     72    -88   -153      0      0      0      0      0      0  
         10 :     0      0      0      0      0    -14    -15    -19   -142   -547   -824   -628     93    976   1164    869    506    145     25      0      0      0      0      0  
         11 :     0      0      0      0      0      0      0   -128   -178   -335   -671   -610   -262    653   1343   1434   1135    575    202     27      0      0      0      0  
         12 :     0      0      0      0      0      0      0    -11   -166   -167   -299   -448   -370   -208    517   1117   1382   1265    642    214      0      0      0      0  
         13 :     0      0      0      0      0      0      0      0    -35   -195   -297   -514   -683  -1098   -841    124   1151   1664   1158    527     64      0      0      0  
         14 :     0      0      0      0      0      0      0      0      0    -81   -322   -593   -963  -1325  -1014   -305    872   1644   1266    682     66      0      0      0  
         15 :     0      0      0      0      0      0      0      0    -39   -187   -429   -594   -504   -115     98    394    815   1093    843    490     66      0      0      0  
         16 :     0      0      0      0      0      0    -24   -138   -350   -445   -143    405    887   1435   1473   1428    896    172    -34   -109    -62      0      0      0  
         17 :     0      0      0      0    -23    -89   -280   -467   -248    319   1034   1649   2136   2213   1789    894   -156   -564   -518   -340    -66      0      0      0  
         18 :     0      0    -18   -189   -395   -326   -198    324    919   1564   2064   2181   1853   1038     58   -778  -1221  -1119   -816   -391     -2      0      0      0  
         19 :   -55   -227   -361   -405    -60    389    960   1550   1959   2168   1943   1113     70   -865  -1497  -1686  -1387   -962   -510   -182      0      0      0      0  
         20 :  -191   -506   -351    272   1061   1767   2197   2182   1903   1218    239   -714  -1428  -1701  -1483  -1057   -615   -281    -78      0      0      0      0      0  
         21 :   -81    110    607   1248   1649   1749   1249    774     98   -678  -1310  -1578  -1431  -1060   -623   -290    -83     -2      0      0      0      0      0      0  
         22 :   191    506    623    506    246   -206   -661  -1169  -1606  -1796  -1527  -1162   -681   -295    -89     -9      0      0      0      0      0      0      0      0  
         23 :    81   -110   -589  -1095  -1642  -1993  -1959  -1972  -1631  -1177   -789   -404   -144    -11      0      0      0      0      0      0      0      0      0      0  
         24 :$finish called at time : 16600 ps : File "/home/curry/code/BNN_accelerator/sim/conv_tb.v" Line 132
INFO: [USF-XSim-96] XSim completed. Design snapshot 'conv_tb_time_synth' loaded.
INFO: [USF-XSim-97] XSim simulation ran for 1000ns
restart
INFO: [Wavedata 42-604] Simulation restarted
run 200 us
image read done
conv complete
          0 :     0      0      0      0      0      0      0      0      0      0      0      0      0      0      0      0      0      0      0      0      0      0      0      0  
          1 :     0      0      0      0      0      0      0      0     -3    -21    -33    -15   -105   -208   -149     79    245    -84   -135     73    541    629    374    127  
          2 :     0      0      0      0    -30    -66   -100   -182   -167   -154    -85     92    101    297    404    791    603    403    588    975   1421   1130    633    191  
          3 :     0      0      0    -49   -317   -448   -247     40    385    475    710    887   1112   1330   1675   1875   1712   1707   1728   1800   1726   1225    672    191  
          4 :     0      0      0    -67   -396   -354    178    838   1450   1734   1988   2200   2285   2127   2417   2165   1944   1590    986    618    136    -33    -76    -63  
          5 :     0      0      0     31     36    294    875   1406   1665   1860   2019   2106   1471    846    611    506    167   -460  -1214  -1360  -1372  -1035   -594   -191  
          6 :     0      0      0     67    316    300    410     91    -46    189    652    516    -39   -710  -1078  -1057  -1068  -1202  -1361  -1185   -931   -596   -298    -64  
          7 :     0      0      0    -31     -6   -302   -674  -1218  -1602  -1022   -552   -241   -604  -1207  -1761  -1405  -1052   -651   -352   -259   -177    -95    -39      0  
          8 :     0      0      0    -18   -157   -400   -857  -1067  -1467  -1547  -1061   -396   -258   -621  -1004   -867   -685   -395      0      0      0      0      0      0  
          9 :     0      0      0      0    -80   -222   -356   -329   -587  -1052   -790   -220    336    529    356     72    -88   -153      0      0      0      0      0      0  
         10 :     0      0      0      0      0    -14    -15    -19   -142   -547   -824   -628     93    976   1164    869    506    145     25      0      0      0      0      0  
         11 :     0      0      0      0      0      0      0   -128   -178   -335   -671   -610   -262    653   1343   1434   1135    575    202     27      0      0      0      0  
         12 :     0      0      0      0      0      0      0    -11   -166   -167   -299   -448   -370   -208    517   1117   1382   1265    642    214      0      0      0      0  
         13 :     0      0      0      0      0      0      0      0    -35   -195   -297   -514   -683  -1098   -841    124   1151   1664   1158    527     64      0      0      0  
         14 :     0      0      0      0      0      0      0      0      0    -81   -322   -593   -963  -1325  -1014   -305    872   1644   1266    682     66      0      0      0  
         15 :     0      0      0      0      0      0      0      0    -39   -187   -429   -594   -504   -115     98    394    815   1093    843    490     66      0      0      0  
         16 :     0      0      0      0      0      0    -24   -138   -350   -445   -143    405    887   1435   1473   1428    896    172    -34   -109    -62      0      0      0  
         17 :     0      0      0      0    -23    -89   -280   -467   -248    319   1034   1649   2136   2213   1789    894   -156   -564   -518   -340    -66      0      0      0  
         18 :     0      0    -18   -189   -395   -326   -198    324    919   1564   2064   2181   1853   1038     58   -778  -1221  -1119   -816   -391     -2      0      0      0  
         19 :   -55   -227   -361   -405    -60    389    960   1550   1959   2168   1943   1113     70   -865  -1497  -1686  -1387   -962   -510   -182      0      0      0      0  
         20 :  -191   -506   -351    272   1061   1767   2197   2182   1903   1218    239   -714  -1428  -1701  -1483  -1057   -615   -281    -78      0      0      0      0      0  
         21 :   -81    110    607   1248   1649   1749   1249    774     98   -678  -1310  -1578  -1431  -1060   -623   -290    -83     -2      0      0      0      0      0      0  
         22 :   191    506    623    506    246   -206   -661  -1169  -1606  -1796  -1527  -1162   -681   -295    -89     -9      0      0      0      0      0      0      0      0  
         23 :    81   -110   -589  -1095  -1642  -1993  -1959  -1972  -1631  -1177   -789   -404   -144    -11      0      0      0      0      0      0      0      0      0      0  
         24 :$finish called at time : 16600 ps : File "/home/curry/code/BNN_accelerator/sim/conv_tb.v" Line 132
close_sim
INFO: [Simtcl 6-16] Simulation closed
current_sim simulation_3
close_sim
INFO: [Simtcl 6-16] Simulation closed
close_sim
INFO: [Simtcl 6-16] Simulation closed
exit
INFO: [Common 17-206] Exiting Vivado at Sat Nov 23 14:49:14 2024...
