 
****************************************
Report : area
Design : fc_12
Version: K-2015.06
Date   : Thu Nov 28 20:15:40 2024
****************************************

Library(s) Used:

    scc55nll_vhs_rvt_ss_v1p08_125c_basic (File: /home/app/PDK/SMIC/SMIC55LL/Stdcell/SCC55NLL_VHS_RVT_V2.1/SCC55NLL_VHS_RVT_V2p1/liberty/1.2v/scc55nll_vhs_rvt_ss_v1p08_125c_basic.db)
    scc55nll_vhs_lvt_ss_v1p08_125c_basic (File: /home/app/PDK/SMIC/SMIC55LL/Stdcell/SCC55NLL_VHS_LVT_V2.1/SCC55NLL_VHS_LVT_V2p1/liberty/1.2v/scc55nll_vhs_lvt_ss_v1p08_125c_basic.db)

Number of ports:                           62
Number of nets:                          1068
Number of cells:                         1001
Number of combinational cells:            714
Number of sequential cells:               280
Number of macros/black boxes:               0
Number of buf/inv:                        110
Number of references:                      51

Combinational area:               2299.679979
Buf/Inv area:                      478.560002
Noncombinational area:            3231.840017
Macro/Black Box area:                0.000000
Net Interconnect area:      undefined  (No wire load specified)

Total cell area:                  5531.519996
Total area:                 undefined

Hierarchical area distribution
------------------------------

                                  Global cell area          Local cell area
                                  ------------------  ---------------------------- 
Hierarchical cell                 Absolute   Percent  Combi-     Noncombi-  Black-
                                  Total      Total    national   national   boxes   Design
--------------------------------  ---------  -------  ---------  ---------  ------  ----------------------------
fc_12                             5531.5200    100.0  2299.6800  3174.7200  0.0000  fc_12
clk_gate_cnt_fc_reg_8_               8.1600      0.1     0.0000     8.1600  0.0000  SNPS_CLOCK_GATE_HIGH_fc_12_0
clk_gate_cnt_w_reg_8_                8.1600      0.1     0.0000     8.1600  0.0000  SNPS_CLOCK_GATE_HIGH_fc_12_6
clk_gate_dout_r_reg_15_              8.1600      0.1     0.0000     8.1600  0.0000  SNPS_CLOCK_GATE_HIGH_fc_12_1
clk_gate_p8_reg                      8.1600      0.1     0.0000     8.1600  0.0000  SNPS_CLOCK_GATE_HIGH_fc_12_2
clk_gate_w_reg_41_                   8.1600      0.1     0.0000     8.1600  0.0000  SNPS_CLOCK_GATE_HIGH_fc_12_4
clk_gate_w_reg_93_                   8.1600      0.1     0.0000     8.1600  0.0000  SNPS_CLOCK_GATE_HIGH_fc_12_3
clk_gate_weight_addr_reg_10_         8.1600      0.1     0.0000     8.1600  0.0000  SNPS_CLOCK_GATE_HIGH_fc_12_5
--------------------------------  ---------  -------  ---------  ---------  ------  ----------------------------
Total                                                 2299.6800  3231.8400  0.0000

1
