 
****************************************
Report : area
Design : fc_12
Version: K-2015.06
Date   : Thu Nov 28 20:15:40 2024
****************************************

Library(s) Used:

    scc55nll_vhs_rvt_ss_v1p08_125c_basic (File: /home/app/PDK/SMIC/SMIC55LL/Stdcell/SCC55NLL_VHS_RVT_V2.1/SCC55NLL_VHS_RVT_V2p1/liberty/1.2v/scc55nll_vhs_rvt_ss_v1p08_125c_basic.db)
    scc55nll_vhs_lvt_ss_v1p08_125c_basic (File: /home/app/PDK/SMIC/SMIC55LL/Stdcell/SCC55NLL_VHS_LVT_V2.1/SCC55NLL_VHS_LVT_V2p1/liberty/1.2v/scc55nll_vhs_lvt_ss_v1p08_125c_basic.db)

Number of ports:                           62
Number of nets:                          1068
Number of cells:                         1001
Number of combinational cells:            714
Number of sequential cells:               280
Number of macros/black boxes:               0
Number of buf/inv:                        110
Number of references:                      51

Combinational area:               2299.679979
Buf/Inv area:                      478.560002
Noncombinational area:            3231.840017
Macro/Black Box area:                0.000000
Net Interconnect area:      undefined  (No wire load specified)

Total cell area:                  5531.519996
Total area:                 undefined

The above information was reported from the logical library. The following are from the physical library:
1
