 
****************************************
Report : area
Design : conv
Version: K-2015.06
Date   : Sat Nov 23 09:00:13 2024
****************************************

Library(s) Used:

    scc55nll_vhs_rvt_ss_v1p08_125c_basic (File: /home/app/PDK/SMIC/SMIC55LL/Stdcell/SCC55NLL_VHS_RVT_V2.1/SCC55NLL_VHS_RVT_V2p1/liberty/1.2v/scc55nll_vhs_rvt_ss_v1p08_125c_basic.db)
    scc55nll_vhs_lvt_ss_v1p08_125c_basic (File: /home/app/PDK/SMIC/SMIC55LL/Stdcell/SCC55NLL_VHS_LVT_V2.1/SCC55NLL_VHS_LVT_V2p1/liberty/1.2v/scc55nll_vhs_lvt_ss_v1p08_125c_basic.db)

Number of ports:                          124
Number of nets:                          3771
Number of cells:                         3173
Number of combinational cells:           1799
Number of sequential cells:              1369
Number of macros/black boxes:               0
Number of buf/inv:                        127
Number of references:                      38

Combinational area:               7649.279931
Buf/Inv area:                      519.840003
Noncombinational area:           13895.999881
Macro/Black Box area:                0.000000
Net Interconnect area:      undefined  (No wire load specified)

Total cell area:                 21545.279812
Total area:                 undefined

Hierarchical area distribution
------------------------------

                                  Global cell area            Local cell area
                                  -------------------  ----------------------------- 
Hierarchical cell                 Absolute    Percent  Combi-     Noncombi-   Black-
                                  Total       Total    national   national    boxes   Design
--------------------------------  ----------  -------  ---------  ----------  ------  ---------------------------
conv                              21545.2798    100.0  7649.2799  13855.1999  0.0000  conv
clk_gate_cnt2_reg_9_                  8.1600      0.0     0.0000      8.1600  0.0000  SNPS_CLOCK_GATE_HIGH_conv_4
clk_gate_k00_reg                      8.1600      0.0     0.0000      8.1600  0.0000  SNPS_CLOCK_GATE_HIGH_conv_2
clk_gate_k02_reg                      8.1600      0.0     0.0000      8.1600  0.0000  SNPS_CLOCK_GATE_HIGH_conv_1
clk_gate_sum_valid_reg                8.1600      0.0     0.0000      8.1600  0.0000  SNPS_CLOCK_GATE_HIGH_conv_3
clk_gate_weight_addr_reg_7_           8.1600      0.0     0.0000      8.1600  0.0000  SNPS_CLOCK_GATE_HIGH_conv_0
--------------------------------  ----------  -------  ---------  ----------  ------  ---------------------------
Total                                                  7649.2799  13895.9999  0.0000

1
