Information: Updating design information... (UID-85)
Warning: Design 'conv' contains 3 high-fanout nets. A fanout number of 1000 will be used for delay calculations involving these nets. (TIM-134)

Information: Checking generated_clocks...

Information: Checking loops...

Information: Checking no_input_delay...
Warning: The following input ports have no clock_relative delay specified, the command set_input_delay without -clock option will be ignored. (TIM-216)
--------------------
start
weight_en
weight
taps[79]
taps[78]
taps[77]
taps[76]
taps[75]
taps[74]
taps[73]
taps[72]
taps[71]
taps[70]
taps[69]
taps[68]
taps[67]
taps[66]
taps[65]
taps[64]
taps[63]
taps[62]
taps[61]
taps[60]
taps[59]
taps[58]
taps[57]
taps[56]
taps[55]
taps[54]
taps[53]
taps[52]
taps[51]
taps[50]
taps[49]
taps[48]
taps[47]
taps[46]
taps[45]
taps[44]
taps[43]
taps[42]
taps[41]
taps[40]
taps[39]
taps[38]
taps[37]
taps[36]
taps[35]
taps[34]
taps[33]
taps[32]
taps[31]
taps[30]
taps[29]
taps[28]
taps[27]
taps[26]
taps[25]
taps[24]
taps[23]
taps[22]
taps[21]
taps[20]
taps[19]
taps[18]
taps[17]
taps[16]
taps[15]
taps[14]
taps[13]
taps[12]
taps[11]
taps[10]
taps[9]
taps[8]
taps[7]
taps[6]
taps[5]
taps[4]
taps[3]
taps[2]
taps[1]
taps[0]
state

Information: Checking unconstrained_endpoints...

Warning: The following end-points are not constrained for maximum delay.

End point
---------------
cnt1_reg_0_/next_state
cnt1_reg_1_/next_state
cnt1_reg_2_/next_state
cnt1_reg_3_/next_state
cnt1_reg_4_/next_state
cnt1_reg_5_/next_state
cnt1_reg_6_/next_state
cnt1_reg_7_/next_state
cnt1_reg_8_/next_state
cnt1_reg_9_/next_state
cnt1_reg_10_/next_state
cnt1_reg_11_/next_state
cnt1_reg_12_/next_state
cnt1_reg_13_/next_state
cnt1_reg_14_/next_state
cnt1_reg_15_/next_state
cnt1_reg_16_/next_state
cnt1_reg_17_/next_state
cnt1_reg_18_/next_state
cnt1_reg_19_/next_state
cnt2_reg_0_/next_state
cnt2_reg_1_/next_state
cnt2_reg_2_/next_state
cnt2_reg_3_/next_state
cnt2_reg_4_/next_state
cnt2_reg_5_/next_state
cnt2_reg_6_/next_state
cnt2_reg_7_/next_state
cnt2_reg_8_/next_state
cnt2_reg_9_/next_state
done
dout[0]
dout[1]
dout[2]
dout[3]
dout[4]
dout[5]
dout[6]
dout[7]
dout[8]
dout[9]
dout[10]
dout[11]
dout[12]
dout[13]
dout[14]
dout[15]
k00_reg/next_state
k00_reg/synch_enable
k01_reg/next_state
k01_reg/synch_enable
k02_reg/next_state
k02_reg/synch_enable
k03_reg/next_state
k03_reg/synch_enable
k04_reg/next_state
k04_reg/synch_enable
k10_reg/next_state
k10_reg/synch_enable
k11_reg/next_state
k11_reg/synch_enable
k12_reg/next_state
k12_reg/synch_enable
k13_reg/next_state
k13_reg/synch_enable
k14_reg/next_state
k14_reg/synch_enable
k15_reg/next_state
k15_reg/synch_enable
k20_reg/next_state
k20_reg/synch_enable
k21_reg/next_state
k21_reg/synch_enable
k22_reg/next_state
k22_reg/synch_enable
k23_reg/next_state
k23_reg/synch_enable
k24_reg/next_state
k24_reg/synch_enable
k30_reg/next_state
k30_reg/synch_enable
k32_reg/next_state
k32_reg/synch_enable
k33_reg/next_state
k33_reg/synch_enable
k34_reg/next_state
k34_reg/synch_enable
k40_reg/next_state
k40_reg/synch_enable
k41_reg/next_state
k41_reg/synch_enable
k42_reg/next_state
k42_reg/synch_enable
k43_reg/next_state
k43_reg/synch_enable
k44_reg/next_state
k44_reg/synch_enable
m00_reg_0_/next_state
m00_reg_1_/next_state
m00_reg_2_/next_state
m00_reg_3_/next_state
m00_reg_4_/next_state
m00_reg_5_/next_state
m00_reg_6_/next_state
m00_reg_7_/next_state
m00_reg_8_/next_state
m00_reg_9_/next_state
m00_reg_10_/next_state
m00_reg_11_/next_state
m00_reg_12_/next_state
m00_reg_13_/next_state
m00_reg_14_/next_state
m00_reg_15_/next_state
m01_reg_0_/next_state
m01_reg_1_/next_state
m01_reg_2_/next_state
m01_reg_3_/next_state
m01_reg_4_/next_state
m01_reg_5_/next_state
m01_reg_6_/next_state
m01_reg_7_/next_state
m01_reg_8_/next_state
m01_reg_9_/next_state
m01_reg_10_/next_state
m01_reg_11_/next_state
m01_reg_12_/next_state
m01_reg_13_/next_state
m01_reg_14_/next_state
m01_reg_15_/next_state
m02_reg_0_/next_state
m02_reg_1_/next_state
m02_reg_2_/next_state
m02_reg_3_/next_state
m02_reg_4_/next_state
m02_reg_5_/next_state
m02_reg_6_/next_state
m02_reg_7_/next_state
m02_reg_8_/next_state
m02_reg_9_/next_state
m02_reg_10_/next_state
m02_reg_11_/next_state
m02_reg_12_/next_state
m02_reg_13_/next_state
m02_reg_14_/next_state
m02_reg_15_/next_state
m03_reg_0_/next_state
m03_reg_1_/next_state
m03_reg_2_/next_state
m03_reg_3_/next_state
m03_reg_4_/next_state
m03_reg_5_/next_state
m03_reg_6_/next_state
m03_reg_7_/next_state
m03_reg_8_/next_state
m03_reg_9_/next_state
m03_reg_10_/next_state
m03_reg_11_/next_state
m03_reg_12_/next_state
m03_reg_13_/next_state
m03_reg_14_/next_state
m03_reg_15_/next_state
m10_reg_0_/next_state
m10_reg_1_/next_state
m10_reg_2_/next_state
m10_reg_3_/next_state
m10_reg_4_/next_state
m10_reg_5_/next_state
m10_reg_6_/next_state
m10_reg_7_/next_state
m10_reg_8_/next_state
m10_reg_9_/next_state
m10_reg_10_/next_state
m10_reg_11_/next_state
m10_reg_12_/next_state
m10_reg_13_/next_state
m10_reg_14_/next_state
m10_reg_15_/next_state
m11_reg_0_/next_state
m11_reg_1_/next_state
m11_reg_2_/next_state
m11_reg_3_/next_state
m11_reg_4_/next_state
m11_reg_5_/next_state
m11_reg_6_/next_state
m11_reg_7_/next_state
m11_reg_8_/next_state
m11_reg_9_/next_state
m11_reg_10_/next_state
m11_reg_11_/next_state
m11_reg_12_/next_state
m11_reg_13_/next_state
m11_reg_14_/next_state
m11_reg_15_/next_state
m12_reg_0_/next_state
m12_reg_1_/next_state
m12_reg_2_/next_state
m12_reg_3_/next_state
m12_reg_4_/next_state
m12_reg_5_/next_state
m12_reg_6_/next_state
m12_reg_7_/next_state
m12_reg_8_/next_state
m12_reg_9_/next_state
m12_reg_10_/next_state
m12_reg_11_/next_state
m12_reg_12_/next_state
m12_reg_13_/next_state
m12_reg_14_/next_state
m12_reg_15_/next_state
m13_reg_0_/next_state
m13_reg_1_/next_state
m13_reg_2_/next_state
m13_reg_3_/next_state
m13_reg_4_/next_state
m13_reg_5_/next_state
m13_reg_6_/next_state
m13_reg_7_/next_state
m13_reg_8_/next_state
m13_reg_9_/next_state
m13_reg_10_/next_state
m13_reg_11_/next_state
m13_reg_12_/next_state
m13_reg_13_/next_state
m13_reg_14_/next_state
m13_reg_15_/next_state
m15_reg_0_/next_state
m15_reg_1_/next_state
m15_reg_2_/next_state
m15_reg_3_/next_state
m15_reg_4_/next_state
m15_reg_5_/next_state
m15_reg_6_/next_state
m15_reg_7_/next_state
m15_reg_8_/next_state
m15_reg_9_/next_state
m15_reg_10_/next_state
m15_reg_11_/next_state
m15_reg_12_/next_state
m15_reg_13_/next_state
m15_reg_14_/next_state
m15_reg_15_/next_state
m20_reg_0_/next_state
m20_reg_1_/next_state
m20_reg_2_/next_state
m20_reg_3_/next_state
m20_reg_4_/next_state
m20_reg_5_/next_state
m20_reg_6_/next_state
m20_reg_7_/next_state
m20_reg_8_/next_state
m20_reg_9_/next_state
m20_reg_10_/next_state
m20_reg_11_/next_state
m20_reg_12_/next_state
m20_reg_13_/next_state
m20_reg_14_/next_state
m20_reg_15_/next_state
m21_reg_0_/next_state
m21_reg_1_/next_state
m21_reg_2_/next_state
m21_reg_3_/next_state
m21_reg_4_/next_state
m21_reg_5_/next_state
m21_reg_6_/next_state
m21_reg_7_/next_state
m21_reg_8_/next_state
m21_reg_9_/next_state
m21_reg_10_/next_state
m21_reg_11_/next_state
m21_reg_12_/next_state
m21_reg_13_/next_state
m21_reg_14_/next_state
m21_reg_15_/next_state
m22_reg_0_/next_state
m22_reg_1_/next_state
m22_reg_2_/next_state
m22_reg_3_/next_state
m22_reg_4_/next_state
m22_reg_5_/next_state
m22_reg_6_/next_state
m22_reg_7_/next_state
m22_reg_8_/next_state
m22_reg_9_/next_state
m22_reg_10_/next_state
m22_reg_11_/next_state
m22_reg_12_/next_state
m22_reg_13_/next_state
m22_reg_14_/next_state
m22_reg_15_/next_state
m23_reg_0_/next_state
m23_reg_1_/next_state
m23_reg_2_/next_state
m23_reg_3_/next_state
m23_reg_4_/next_state
m23_reg_5_/next_state
m23_reg_6_/next_state
m23_reg_7_/next_state
m23_reg_8_/next_state
m23_reg_9_/next_state
m23_reg_10_/next_state
m23_reg_11_/next_state
m23_reg_12_/next_state
m23_reg_13_/next_state
m23_reg_14_/next_state
m23_reg_15_/next_state
m30_reg_0_/next_state
m30_reg_1_/next_state
m30_reg_2_/next_state
m30_reg_3_/next_state
m30_reg_4_/next_state
m30_reg_5_/next_state
m30_reg_6_/next_state
m30_reg_7_/next_state
m30_reg_8_/next_state
m30_reg_9_/next_state
m30_reg_10_/next_state
m30_reg_11_/next_state
m30_reg_12_/next_state
m30_reg_13_/next_state
m30_reg_14_/next_state
m30_reg_15_/next_state
m32_reg_0_/next_state
m32_reg_1_/next_state
m32_reg_2_/next_state
m32_reg_3_/next_state
m32_reg_4_/next_state
m32_reg_5_/next_state
m32_reg_6_/next_state
m32_reg_7_/next_state
m32_reg_8_/next_state
m32_reg_9_/next_state
m32_reg_10_/next_state
m32_reg_11_/next_state
m32_reg_12_/next_state
m32_reg_13_/next_state
m32_reg_14_/next_state
m32_reg_15_/next_state
m33_reg_0_/next_state
m33_reg_1_/next_state
m33_reg_2_/next_state
m33_reg_3_/next_state
m33_reg_4_/next_state
m33_reg_5_/next_state
m33_reg_6_/next_state
m33_reg_7_/next_state
m33_reg_8_/next_state
m33_reg_9_/next_state
m33_reg_10_/next_state
m33_reg_11_/next_state
m33_reg_12_/next_state
m33_reg_13_/next_state
m33_reg_14_/next_state
m33_reg_15_/next_state
m40_reg_0_/next_state
m40_reg_1_/next_state
m40_reg_2_/next_state
m40_reg_3_/next_state
m40_reg_4_/next_state
m40_reg_5_/next_state
m40_reg_6_/next_state
m40_reg_7_/next_state
m40_reg_8_/next_state
m40_reg_9_/next_state
m40_reg_10_/next_state
m40_reg_11_/next_state
m40_reg_12_/next_state
m40_reg_13_/next_state
m40_reg_14_/next_state
m40_reg_15_/next_state
m41_reg_0_/next_state
m41_reg_1_/next_state
m41_reg_2_/next_state
m41_reg_3_/next_state
m41_reg_4_/next_state
m41_reg_5_/next_state
m41_reg_6_/next_state
m41_reg_7_/next_state
m41_reg_8_/next_state
m41_reg_9_/next_state
m41_reg_10_/next_state
m41_reg_11_/next_state
m41_reg_12_/next_state
m41_reg_13_/next_state
m41_reg_14_/next_state
m41_reg_15_/next_state
m42_reg_0_/next_state
m42_reg_1_/next_state
m42_reg_2_/next_state
m42_reg_3_/next_state
m42_reg_4_/next_state
m42_reg_5_/next_state
m42_reg_6_/next_state
m42_reg_7_/next_state
m42_reg_8_/next_state
m42_reg_9_/next_state
m42_reg_10_/next_state
m42_reg_11_/next_state
m42_reg_12_/next_state
m42_reg_13_/next_state
m42_reg_14_/next_state
m42_reg_15_/next_state
m43_reg_0_/next_state
m43_reg_1_/next_state
m43_reg_2_/next_state
m43_reg_3_/next_state
m43_reg_4_/next_state
m43_reg_5_/next_state
m43_reg_6_/next_state
m43_reg_7_/next_state
m43_reg_8_/next_state
m43_reg_9_/next_state
m43_reg_10_/next_state
m43_reg_11_/next_state
m43_reg_12_/next_state
m43_reg_13_/next_state
m43_reg_14_/next_state
m43_reg_15_/next_state
ovalid
p00_reg_0_/next_state
p00_reg_1_/next_state
p00_reg_2_/next_state
p00_reg_3_/next_state
p00_reg_4_/next_state
p00_reg_5_/next_state
p00_reg_6_/next_state
p00_reg_7_/next_state
p00_reg_8_/next_state
p00_reg_9_/next_state
p00_reg_10_/next_state
p00_reg_11_/next_state
p00_reg_12_/next_state
p00_reg_13_/next_state
p00_reg_14_/next_state
p00_reg_15_/next_state
p01_reg_0_/next_state
p01_reg_1_/next_state
p01_reg_2_/next_state
p01_reg_3_/next_state
p01_reg_4_/next_state
p01_reg_5_/next_state
p01_reg_6_/next_state
p01_reg_7_/next_state
p01_reg_8_/next_state
p01_reg_9_/next_state
p01_reg_10_/next_state
p01_reg_11_/next_state
p01_reg_12_/next_state
p01_reg_13_/next_state
p01_reg_14_/next_state
p01_reg_15_/next_state
p02_reg_0_/next_state
p02_reg_1_/next_state
p02_reg_2_/next_state
p02_reg_3_/next_state
p02_reg_4_/next_state
p02_reg_5_/next_state
p02_reg_6_/next_state
p02_reg_7_/next_state
p02_reg_8_/next_state
p02_reg_9_/next_state
p02_reg_10_/next_state
p02_reg_11_/next_state
p02_reg_12_/next_state
p02_reg_13_/next_state
p02_reg_14_/next_state
p02_reg_15_/next_state
p03_reg_0_/next_state
p03_reg_1_/next_state
p03_reg_2_/next_state
p03_reg_3_/next_state
p03_reg_4_/next_state
p03_reg_5_/next_state
p03_reg_6_/next_state
p03_reg_7_/next_state
p03_reg_8_/next_state
p03_reg_9_/next_state
p03_reg_10_/next_state
p03_reg_11_/next_state
p03_reg_12_/next_state
p03_reg_13_/next_state
p03_reg_14_/next_state
p03_reg_15_/next_state
p04_reg_0_/next_state
p04_reg_1_/next_state
p04_reg_2_/next_state
p04_reg_3_/next_state
p04_reg_4_/next_state
p04_reg_5_/next_state
p04_reg_6_/next_state
p04_reg_7_/next_state
p04_reg_8_/next_state
p04_reg_9_/next_state
p04_reg_10_/next_state
p04_reg_11_/next_state
p04_reg_12_/next_state
p04_reg_13_/next_state
p04_reg_14_/next_state
p04_reg_15_/next_state
p10_reg_0_/next_state
p10_reg_1_/next_state
p10_reg_2_/next_state
p10_reg_3_/next_state
p10_reg_4_/next_state
p10_reg_5_/next_state
p10_reg_6_/next_state
p10_reg_7_/next_state
p10_reg_8_/next_state
p10_reg_9_/next_state
p10_reg_10_/next_state
p10_reg_11_/next_state
p10_reg_12_/next_state
p10_reg_13_/next_state
p10_reg_14_/next_state
p10_reg_15_/next_state
p11_reg_0_/next_state
p11_reg_1_/next_state
p11_reg_2_/next_state
p11_reg_3_/next_state
p11_reg_4_/next_state
p11_reg_5_/next_state
p11_reg_6_/next_state
p11_reg_7_/next_state
p11_reg_8_/next_state
p11_reg_9_/next_state
p11_reg_10_/next_state
p11_reg_11_/next_state
p11_reg_12_/next_state
p11_reg_13_/next_state
p11_reg_14_/next_state
p11_reg_15_/next_state
p12_reg_0_/next_state
p12_reg_1_/next_state
p12_reg_2_/next_state
p12_reg_3_/next_state
p12_reg_4_/next_state
p12_reg_5_/next_state
p12_reg_6_/next_state
p12_reg_7_/next_state
p12_reg_8_/next_state
p12_reg_9_/next_state
p12_reg_10_/next_state
p12_reg_11_/next_state
p12_reg_12_/next_state
p12_reg_13_/next_state
p12_reg_14_/next_state
p12_reg_15_/next_state
p13_reg_0_/next_state
p13_reg_1_/next_state
p13_reg_2_/next_state
p13_reg_3_/next_state
p13_reg_4_/next_state
p13_reg_5_/next_state
p13_reg_6_/next_state
p13_reg_7_/next_state
p13_reg_8_/next_state
p13_reg_9_/next_state
p13_reg_10_/next_state
p13_reg_11_/next_state
p13_reg_12_/next_state
p13_reg_13_/next_state
p13_reg_14_/next_state
p13_reg_15_/next_state
p14_reg_0_/next_state
p14_reg_1_/next_state
p14_reg_2_/next_state
p14_reg_3_/next_state
p14_reg_4_/next_state
p14_reg_5_/next_state
p14_reg_6_/next_state
p14_reg_7_/next_state
p14_reg_8_/next_state
p14_reg_9_/next_state
p14_reg_10_/next_state
p14_reg_11_/next_state
p14_reg_12_/next_state
p14_reg_13_/next_state
p14_reg_14_/next_state
p14_reg_15_/next_state
p15_reg_0_/next_state
p15_reg_1_/next_state
p15_reg_2_/next_state
p15_reg_3_/next_state
p15_reg_4_/next_state
p15_reg_5_/next_state
p15_reg_6_/next_state
p15_reg_7_/next_state
p15_reg_8_/next_state
p15_reg_9_/next_state
p15_reg_10_/next_state
p15_reg_11_/next_state
p15_reg_12_/next_state
p15_reg_13_/next_state
p15_reg_14_/next_state
p15_reg_15_/next_state
p20_reg_0_/next_state
p20_reg_1_/next_state
p20_reg_2_/next_state
p20_reg_3_/next_state
p20_reg_4_/next_state
p20_reg_5_/next_state
p20_reg_6_/next_state
p20_reg_7_/next_state
p20_reg_8_/next_state
p20_reg_9_/next_state
p20_reg_10_/next_state
p20_reg_11_/next_state
p20_reg_12_/next_state
p20_reg_13_/next_state
p20_reg_14_/next_state
p20_reg_15_/next_state
p21_reg_0_/next_state
p21_reg_1_/next_state
p21_reg_2_/next_state
p21_reg_3_/next_state
p21_reg_4_/next_state
p21_reg_5_/next_state
p21_reg_6_/next_state
p21_reg_7_/next_state
p21_reg_8_/next_state
p21_reg_9_/next_state
p21_reg_10_/next_state
p21_reg_11_/next_state
p21_reg_12_/next_state
p21_reg_13_/next_state
p21_reg_14_/next_state
p21_reg_15_/next_state
p22_reg_0_/next_state
p22_reg_1_/next_state
p22_reg_2_/next_state
p22_reg_3_/next_state
p22_reg_4_/next_state
p22_reg_5_/next_state
p22_reg_6_/next_state
p22_reg_7_/next_state
p22_reg_8_/next_state
p22_reg_9_/next_state
p22_reg_10_/next_state
p22_reg_11_/next_state
p22_reg_12_/next_state
p22_reg_13_/next_state
p22_reg_14_/next_state
p22_reg_15_/next_state
p23_reg_0_/next_state
p23_reg_1_/next_state
p23_reg_2_/next_state
p23_reg_3_/next_state
p23_reg_4_/next_state
p23_reg_5_/next_state
p23_reg_6_/next_state
p23_reg_7_/next_state
p23_reg_8_/next_state
p23_reg_9_/next_state
p23_reg_10_/next_state
p23_reg_11_/next_state
p23_reg_12_/next_state
p23_reg_13_/next_state
p23_reg_14_/next_state
p23_reg_15_/next_state
p24_reg_0_/next_state
p24_reg_1_/next_state
p24_reg_2_/next_state
p24_reg_3_/next_state
p24_reg_4_/next_state
p24_reg_5_/next_state
p24_reg_6_/next_state
p24_reg_7_/next_state
p24_reg_8_/next_state
p24_reg_9_/next_state
p24_reg_10_/next_state
p24_reg_11_/next_state
p24_reg_12_/next_state
p24_reg_13_/next_state
p24_reg_14_/next_state
p24_reg_15_/next_state
p30_reg_0_/next_state
p30_reg_1_/next_state
p30_reg_2_/next_state
p30_reg_3_/next_state
p30_reg_4_/next_state
p30_reg_5_/next_state
p30_reg_6_/next_state
p30_reg_7_/next_state
p30_reg_8_/next_state
p30_reg_9_/next_state
p30_reg_10_/next_state
p30_reg_11_/next_state
p30_reg_12_/next_state
p30_reg_13_/next_state
p30_reg_14_/next_state
p30_reg_15_/next_state
p32_reg_0_/next_state
p32_reg_1_/next_state
p32_reg_2_/next_state
p32_reg_3_/next_state
p32_reg_4_/next_state
p32_reg_5_/next_state
p32_reg_6_/next_state
p32_reg_7_/next_state
p32_reg_8_/next_state
p32_reg_9_/next_state
p32_reg_10_/next_state
p32_reg_11_/next_state
p32_reg_12_/next_state
p32_reg_13_/next_state
p32_reg_14_/next_state
p32_reg_15_/next_state
p33_reg_0_/next_state
p33_reg_1_/next_state
p33_reg_2_/next_state
p33_reg_3_/next_state
p33_reg_4_/next_state
p33_reg_5_/next_state
p33_reg_6_/next_state
p33_reg_7_/next_state
p33_reg_8_/next_state
p33_reg_9_/next_state
p33_reg_10_/next_state
p33_reg_11_/next_state
p33_reg_12_/next_state
p33_reg_13_/next_state
p33_reg_14_/next_state
p33_reg_15_/next_state
p34_reg_0_/next_state
p34_reg_1_/next_state
p34_reg_2_/next_state
p34_reg_3_/next_state
p34_reg_4_/next_state
p34_reg_5_/next_state
p34_reg_6_/next_state
p34_reg_7_/next_state
p34_reg_8_/next_state
p34_reg_9_/next_state
p34_reg_10_/next_state
p34_reg_11_/next_state
p34_reg_12_/next_state
p34_reg_13_/next_state
p34_reg_14_/next_state
p34_reg_15_/next_state
p40_reg_0_/next_state
p40_reg_1_/next_state
p40_reg_2_/next_state
p40_reg_3_/next_state
p40_reg_4_/next_state
p40_reg_5_/next_state
p40_reg_6_/next_state
p40_reg_7_/next_state
p40_reg_8_/next_state
p40_reg_9_/next_state
p40_reg_10_/next_state
p40_reg_11_/next_state
p40_reg_12_/next_state
p40_reg_13_/next_state
p40_reg_14_/next_state
p40_reg_15_/next_state
p41_reg_0_/next_state
p41_reg_1_/next_state
p41_reg_2_/next_state
p41_reg_3_/next_state
p41_reg_4_/next_state
p41_reg_5_/next_state
p41_reg_6_/next_state
p41_reg_7_/next_state
p41_reg_8_/next_state
p41_reg_9_/next_state
p41_reg_10_/next_state
p41_reg_11_/next_state
p41_reg_12_/next_state
p41_reg_13_/next_state
p41_reg_14_/next_state
p41_reg_15_/next_state
p42_reg_0_/next_state
p42_reg_1_/next_state
p42_reg_2_/next_state
p42_reg_3_/next_state
p42_reg_4_/next_state
p42_reg_5_/next_state
p42_reg_6_/next_state
p42_reg_7_/next_state
p42_reg_8_/next_state
p42_reg_9_/next_state
p42_reg_10_/next_state
p42_reg_11_/next_state
p42_reg_12_/next_state
p42_reg_13_/next_state
p42_reg_14_/next_state
p42_reg_15_/next_state
p43_reg_0_/next_state
p43_reg_1_/next_state
p43_reg_2_/next_state
p43_reg_3_/next_state
p43_reg_4_/next_state
p43_reg_5_/next_state
p43_reg_6_/next_state
p43_reg_7_/next_state
p43_reg_8_/next_state
p43_reg_9_/next_state
p43_reg_10_/next_state
p43_reg_11_/next_state
p43_reg_12_/next_state
p43_reg_13_/next_state
p43_reg_14_/next_state
p43_reg_15_/next_state
p44_reg_0_/next_state
p44_reg_1_/next_state
p44_reg_2_/next_state
p44_reg_3_/next_state
p44_reg_4_/next_state
p44_reg_5_/next_state
p44_reg_6_/next_state
p44_reg_7_/next_state
p44_reg_8_/next_state
p44_reg_9_/next_state
p44_reg_10_/next_state
p44_reg_11_/next_state
p44_reg_12_/next_state
p44_reg_13_/next_state
p44_reg_14_/next_state
p44_reg_15_/next_state
sum000_reg_0_/next_state
sum000_reg_1_/next_state
sum000_reg_2_/next_state
sum000_reg_3_/next_state
sum000_reg_4_/next_state
sum000_reg_5_/next_state
sum000_reg_6_/next_state
sum000_reg_7_/next_state
sum000_reg_8_/next_state
sum000_reg_9_/next_state
sum000_reg_10_/next_state
sum000_reg_11_/next_state
sum000_reg_12_/next_state
sum000_reg_13_/next_state
sum000_reg_14_/next_state
sum000_reg_15_/next_state
sum001_reg_0_/next_state
sum001_reg_1_/next_state
sum001_reg_2_/next_state
sum001_reg_3_/next_state
sum001_reg_4_/next_state
sum001_reg_5_/next_state
sum001_reg_6_/next_state
sum001_reg_7_/next_state
sum001_reg_8_/next_state
sum001_reg_9_/next_state
sum001_reg_10_/next_state
sum001_reg_11_/next_state
sum001_reg_12_/next_state
sum001_reg_13_/next_state
sum001_reg_14_/next_state
sum001_reg_15_/next_state
sum002_reg_0_/next_state
sum002_reg_1_/next_state
sum002_reg_2_/next_state
sum002_reg_3_/next_state
sum002_reg_4_/next_state
sum002_reg_5_/next_state
sum002_reg_6_/next_state
sum002_reg_7_/next_state
sum002_reg_8_/next_state
sum002_reg_9_/next_state
sum002_reg_10_/next_state
sum002_reg_11_/next_state
sum002_reg_12_/next_state
sum002_reg_13_/next_state
sum002_reg_14_/next_state
sum002_reg_15_/next_state
sum003_reg_0_/next_state
sum003_reg_1_/next_state
sum003_reg_2_/next_state
sum003_reg_3_/next_state
sum003_reg_4_/next_state
sum003_reg_5_/next_state
sum003_reg_6_/next_state
sum003_reg_7_/next_state
sum003_reg_8_/next_state
sum003_reg_9_/next_state
sum003_reg_10_/next_state
sum003_reg_11_/next_state
sum003_reg_12_/next_state
sum003_reg_13_/next_state
sum003_reg_14_/next_state
sum003_reg_15_/next_state
sum004_reg_0_/next_state
sum004_reg_1_/next_state
sum004_reg_2_/next_state
sum004_reg_3_/next_state
sum004_reg_4_/next_state
sum004_reg_5_/next_state
sum004_reg_6_/next_state
sum004_reg_7_/next_state
sum004_reg_8_/next_state
sum004_reg_9_/next_state
sum004_reg_10_/next_state
sum004_reg_11_/next_state
sum004_reg_12_/next_state
sum004_reg_13_/next_state
sum004_reg_14_/next_state
sum004_reg_15_/next_state
sum010_reg_0_/next_state
sum010_reg_1_/next_state
sum010_reg_2_/next_state
sum010_reg_3_/next_state
sum010_reg_4_/next_state
sum010_reg_5_/next_state
sum010_reg_6_/next_state
sum010_reg_7_/next_state
sum010_reg_8_/next_state
sum010_reg_9_/next_state
sum010_reg_10_/next_state
sum010_reg_11_/next_state
sum010_reg_12_/next_state
sum010_reg_13_/next_state
sum010_reg_14_/next_state
sum010_reg_15_/next_state
sum011_reg_0_/next_state
sum011_reg_1_/next_state
sum011_reg_2_/next_state
sum011_reg_3_/next_state
sum011_reg_4_/next_state
sum011_reg_5_/next_state
sum011_reg_6_/next_state
sum011_reg_7_/next_state
sum011_reg_8_/next_state
sum011_reg_9_/next_state
sum011_reg_10_/next_state
sum011_reg_11_/next_state
sum011_reg_12_/next_state
sum011_reg_13_/next_state
sum011_reg_14_/next_state
sum011_reg_15_/next_state
sum012_reg_0_/next_state
sum012_reg_1_/next_state
sum012_reg_2_/next_state
sum012_reg_3_/next_state
sum012_reg_4_/next_state
sum012_reg_5_/next_state
sum012_reg_6_/next_state
sum012_reg_7_/next_state
sum012_reg_8_/next_state
sum012_reg_9_/next_state
sum012_reg_10_/next_state
sum012_reg_11_/next_state
sum012_reg_12_/next_state
sum012_reg_13_/next_state
sum012_reg_14_/next_state
sum012_reg_15_/next_state
sum013_reg_0_/next_state
sum013_reg_1_/next_state
sum013_reg_2_/next_state
sum013_reg_3_/next_state
sum013_reg_4_/next_state
sum013_reg_5_/next_state
sum013_reg_6_/next_state
sum013_reg_7_/next_state
sum013_reg_8_/next_state
sum013_reg_9_/next_state
sum013_reg_10_/next_state
sum013_reg_11_/next_state
sum013_reg_12_/next_state
sum013_reg_13_/next_state
sum013_reg_14_/next_state
sum013_reg_15_/next_state
sum014_reg_0_/next_state
sum014_reg_1_/next_state
sum014_reg_2_/next_state
sum014_reg_3_/next_state
sum014_reg_4_/next_state
sum014_reg_5_/next_state
sum014_reg_6_/next_state
sum014_reg_7_/next_state
sum014_reg_8_/next_state
sum014_reg_9_/next_state
sum014_reg_10_/next_state
sum014_reg_11_/next_state
sum014_reg_12_/next_state
sum014_reg_13_/next_state
sum014_reg_14_/next_state
sum014_reg_15_/next_state
sum020_reg_0_/next_state
sum020_reg_1_/next_state
sum020_reg_2_/next_state
sum020_reg_3_/next_state
sum020_reg_4_/next_state
sum020_reg_5_/next_state
sum020_reg_6_/next_state
sum020_reg_7_/next_state
sum020_reg_8_/next_state
sum020_reg_9_/next_state
sum020_reg_10_/next_state
sum020_reg_11_/next_state
sum020_reg_12_/next_state
sum020_reg_13_/next_state
sum020_reg_14_/next_state
sum020_reg_15_/next_state
sum21_reg_0_/next_state
sum21_reg_1_/next_state
sum21_reg_2_/next_state
sum21_reg_3_/next_state
sum21_reg_4_/next_state
sum21_reg_5_/next_state
sum21_reg_6_/next_state
sum21_reg_7_/next_state
sum21_reg_8_/next_state
sum21_reg_9_/next_state
sum21_reg_10_/next_state
sum21_reg_11_/next_state
sum21_reg_12_/next_state
sum21_reg_13_/next_state
sum21_reg_14_/next_state
sum21_reg_15_/next_state
sum021_reg_0_/next_state
sum021_reg_1_/next_state
sum021_reg_2_/next_state
sum021_reg_3_/next_state
sum021_reg_4_/next_state
sum021_reg_5_/next_state
sum021_reg_6_/next_state
sum021_reg_7_/next_state
sum021_reg_8_/next_state
sum021_reg_9_/next_state
sum021_reg_10_/next_state
sum021_reg_11_/next_state
sum021_reg_12_/next_state
sum021_reg_13_/next_state
sum021_reg_14_/next_state
sum021_reg_15_/next_state
sum022_reg_0_/next_state
sum022_reg_1_/next_state
sum022_reg_2_/next_state
sum022_reg_3_/next_state
sum022_reg_4_/next_state
sum022_reg_5_/next_state
sum022_reg_6_/next_state
sum022_reg_7_/next_state
sum022_reg_8_/next_state
sum022_reg_9_/next_state
sum022_reg_10_/next_state
sum022_reg_11_/next_state
sum022_reg_12_/next_state
sum022_reg_13_/next_state
sum022_reg_14_/next_state
sum022_reg_15_/next_state
sum023_reg_0_/next_state
sum023_reg_1_/next_state
sum023_reg_2_/next_state
sum023_reg_3_/next_state
sum023_reg_4_/next_state
sum023_reg_5_/next_state
sum023_reg_6_/next_state
sum023_reg_7_/next_state
sum023_reg_8_/next_state
sum023_reg_9_/next_state
sum023_reg_10_/next_state
sum023_reg_11_/next_state
sum023_reg_12_/next_state
sum023_reg_13_/next_state
sum023_reg_14_/next_state
sum023_reg_15_/next_state
sum024_reg_0_/next_state
sum024_reg_1_/next_state
sum024_reg_2_/next_state
sum024_reg_3_/next_state
sum024_reg_4_/next_state
sum024_reg_5_/next_state
sum024_reg_6_/next_state
sum024_reg_7_/next_state
sum024_reg_8_/next_state
sum024_reg_9_/next_state
sum024_reg_10_/next_state
sum024_reg_11_/next_state
sum024_reg_12_/next_state
sum024_reg_13_/next_state
sum024_reg_14_/next_state
sum024_reg_15_/next_state
sum30_reg_0_/next_state
sum30_reg_1_/next_state
sum30_reg_2_/next_state
sum30_reg_3_/next_state
sum30_reg_4_/next_state
sum30_reg_5_/next_state
sum30_reg_6_/next_state
sum30_reg_7_/next_state
sum30_reg_8_/next_state
sum30_reg_9_/next_state
sum30_reg_10_/next_state
sum30_reg_11_/next_state
sum30_reg_12_/next_state
sum30_reg_13_/next_state
sum30_reg_14_/next_state
sum30_reg_15_/next_state
sum32_reg_0_/next_state
sum32_reg_1_/next_state
sum32_reg_2_/next_state
sum32_reg_3_/next_state
sum32_reg_4_/next_state
sum32_reg_5_/next_state
sum32_reg_6_/next_state
sum32_reg_7_/next_state
sum32_reg_8_/next_state
sum32_reg_9_/next_state
sum32_reg_10_/next_state
sum32_reg_11_/next_state
sum32_reg_12_/next_state
sum32_reg_13_/next_state
sum32_reg_14_/next_state
sum32_reg_15_/next_state
sum40_reg_0_/next_state
sum40_reg_1_/next_state
sum40_reg_2_/next_state
sum40_reg_3_/next_state
sum40_reg_4_/next_state
sum40_reg_5_/next_state
sum40_reg_6_/next_state
sum40_reg_7_/next_state
sum40_reg_8_/next_state
sum40_reg_9_/next_state
sum40_reg_10_/next_state
sum40_reg_11_/next_state
sum40_reg_12_/next_state
sum40_reg_13_/next_state
sum40_reg_14_/next_state
sum40_reg_15_/next_state
sum41_reg_0_/next_state
sum41_reg_1_/next_state
sum41_reg_2_/next_state
sum41_reg_3_/next_state
sum41_reg_4_/next_state
sum41_reg_5_/next_state
sum41_reg_6_/next_state
sum41_reg_7_/next_state
sum41_reg_8_/next_state
sum41_reg_9_/next_state
sum41_reg_10_/next_state
sum41_reg_11_/next_state
sum41_reg_12_/next_state
sum41_reg_13_/next_state
sum41_reg_14_/next_state
sum41_reg_15_/next_state
sum100_reg_0_/next_state
sum100_reg_1_/next_state
sum100_reg_2_/next_state
sum100_reg_3_/next_state
sum100_reg_4_/next_state
sum100_reg_5_/next_state
sum100_reg_6_/next_state
sum100_reg_7_/next_state
sum100_reg_8_/next_state
sum100_reg_9_/next_state
sum100_reg_10_/next_state
sum100_reg_11_/next_state
sum100_reg_12_/next_state
sum100_reg_13_/next_state
sum100_reg_14_/next_state
sum100_reg_15_/next_state
sum101_reg_0_/next_state
sum101_reg_1_/next_state
sum101_reg_2_/next_state
sum101_reg_3_/next_state
sum101_reg_4_/next_state
sum101_reg_5_/next_state
sum101_reg_6_/next_state
sum101_reg_7_/next_state
sum101_reg_8_/next_state
sum101_reg_9_/next_state
sum101_reg_10_/next_state
sum101_reg_11_/next_state
sum101_reg_12_/next_state
sum101_reg_13_/next_state
sum101_reg_14_/next_state
sum101_reg_15_/next_state
sum102_reg_0_/next_state
sum102_reg_1_/next_state
sum102_reg_2_/next_state
sum102_reg_3_/next_state
sum102_reg_4_/next_state
sum102_reg_5_/next_state
sum102_reg_6_/next_state
sum102_reg_7_/next_state
sum102_reg_8_/next_state
sum102_reg_9_/next_state
sum102_reg_10_/next_state
sum102_reg_11_/next_state
sum102_reg_12_/next_state
sum102_reg_13_/next_state
sum102_reg_14_/next_state
sum102_reg_15_/next_state
sum103_reg_0_/next_state
sum103_reg_1_/next_state
sum103_reg_2_/next_state
sum103_reg_3_/next_state
sum103_reg_4_/next_state
sum103_reg_5_/next_state
sum103_reg_6_/next_state
sum103_reg_7_/next_state
sum103_reg_8_/next_state
sum103_reg_9_/next_state
sum103_reg_10_/next_state
sum103_reg_11_/next_state
sum103_reg_12_/next_state
sum103_reg_13_/next_state
sum103_reg_14_/next_state
sum103_reg_15_/next_state
sum104_reg_0_/next_state
sum104_reg_1_/next_state
sum104_reg_2_/next_state
sum104_reg_3_/next_state
sum104_reg_4_/next_state
sum104_reg_5_/next_state
sum104_reg_6_/next_state
sum104_reg_7_/next_state
sum104_reg_8_/next_state
sum104_reg_9_/next_state
sum104_reg_10_/next_state
sum104_reg_11_/next_state
sum104_reg_12_/next_state
sum104_reg_13_/next_state
sum104_reg_14_/next_state
sum104_reg_15_/next_state
sum110_reg_0_/next_state
sum110_reg_1_/next_state
sum110_reg_2_/next_state
sum110_reg_3_/next_state
sum110_reg_4_/next_state
sum110_reg_5_/next_state
sum110_reg_6_/next_state
sum110_reg_7_/next_state
sum110_reg_8_/next_state
sum110_reg_9_/next_state
sum110_reg_10_/next_state
sum110_reg_11_/next_state
sum110_reg_12_/next_state
sum110_reg_13_/next_state
sum110_reg_14_/next_state
sum110_reg_15_/next_state
sum111_reg_0_/next_state
sum111_reg_1_/next_state
sum111_reg_2_/next_state
sum111_reg_3_/next_state
sum111_reg_4_/next_state
sum111_reg_5_/next_state
sum111_reg_6_/next_state
sum111_reg_7_/next_state
sum111_reg_8_/next_state
sum111_reg_9_/next_state
sum111_reg_10_/next_state
sum111_reg_11_/next_state
sum111_reg_12_/next_state
sum111_reg_13_/next_state
sum111_reg_14_/next_state
sum111_reg_15_/next_state
sum112_reg_0_/next_state
sum112_reg_1_/next_state
sum112_reg_2_/next_state
sum112_reg_3_/next_state
sum112_reg_4_/next_state
sum112_reg_5_/next_state
sum112_reg_6_/next_state
sum112_reg_7_/next_state
sum112_reg_8_/next_state
sum112_reg_9_/next_state
sum112_reg_10_/next_state
sum112_reg_11_/next_state
sum112_reg_12_/next_state
sum112_reg_13_/next_state
sum112_reg_14_/next_state
sum112_reg_15_/next_state
sum113_reg_0_/next_state
sum113_reg_1_/next_state
sum113_reg_2_/next_state
sum113_reg_3_/next_state
sum113_reg_4_/next_state
sum113_reg_5_/next_state
sum113_reg_6_/next_state
sum113_reg_7_/next_state
sum113_reg_8_/next_state
sum113_reg_9_/next_state
sum113_reg_10_/next_state
sum113_reg_11_/next_state
sum113_reg_12_/next_state
sum113_reg_13_/next_state
sum113_reg_14_/next_state
sum113_reg_15_/next_state
sum114_reg_0_/next_state
sum114_reg_1_/next_state
sum114_reg_2_/next_state
sum114_reg_3_/next_state
sum114_reg_4_/next_state
sum114_reg_5_/next_state
sum114_reg_6_/next_state
sum114_reg_7_/next_state
sum114_reg_8_/next_state
sum114_reg_9_/next_state
sum114_reg_10_/next_state
sum114_reg_11_/next_state
sum114_reg_12_/next_state
sum114_reg_13_/next_state
sum114_reg_14_/next_state
sum114_reg_15_/next_state
sum200_reg_0_/next_state
sum200_reg_1_/next_state
sum200_reg_2_/next_state
sum200_reg_3_/next_state
sum200_reg_4_/next_state
sum200_reg_5_/next_state
sum200_reg_6_/next_state
sum200_reg_7_/next_state
sum200_reg_8_/next_state
sum200_reg_9_/next_state
sum200_reg_10_/next_state
sum200_reg_11_/next_state
sum200_reg_12_/next_state
sum200_reg_13_/next_state
sum200_reg_14_/next_state
sum200_reg_15_/next_state
sum201_reg_0_/next_state
sum201_reg_1_/next_state
sum201_reg_2_/next_state
sum201_reg_3_/next_state
sum201_reg_4_/next_state
sum201_reg_5_/next_state
sum201_reg_6_/next_state
sum201_reg_7_/next_state
sum201_reg_8_/next_state
sum201_reg_9_/next_state
sum201_reg_10_/next_state
sum201_reg_11_/next_state
sum201_reg_12_/next_state
sum201_reg_13_/next_state
sum201_reg_14_/next_state
sum201_reg_15_/next_state
sum202_reg_0_/next_state
sum202_reg_1_/next_state
sum202_reg_2_/next_state
sum202_reg_3_/next_state
sum202_reg_4_/next_state
sum202_reg_5_/next_state
sum202_reg_6_/next_state
sum202_reg_7_/next_state
sum202_reg_8_/next_state
sum202_reg_9_/next_state
sum202_reg_10_/next_state
sum202_reg_11_/next_state
sum202_reg_12_/next_state
sum202_reg_13_/next_state
sum202_reg_14_/next_state
sum202_reg_15_/next_state
sum203_reg_0_/next_state
sum203_reg_1_/next_state
sum203_reg_2_/next_state
sum203_reg_3_/next_state
sum203_reg_4_/next_state
sum203_reg_5_/next_state
sum203_reg_6_/next_state
sum203_reg_7_/next_state
sum203_reg_8_/next_state
sum203_reg_9_/next_state
sum203_reg_10_/next_state
sum203_reg_11_/next_state
sum203_reg_12_/next_state
sum203_reg_13_/next_state
sum203_reg_14_/next_state
sum203_reg_15_/next_state
sum204_reg_0_/next_state
sum204_reg_1_/next_state
sum204_reg_2_/next_state
sum204_reg_3_/next_state
sum204_reg_4_/next_state
sum204_reg_5_/next_state
sum204_reg_6_/next_state
sum204_reg_7_/next_state
sum204_reg_8_/next_state
sum204_reg_9_/next_state
sum204_reg_10_/next_state
sum204_reg_11_/next_state
sum204_reg_12_/next_state
sum204_reg_13_/next_state
sum204_reg_14_/next_state
sum204_reg_15_/next_state
sum_valid_ff_reg/next_state
sum_valid_reg/next_state
sum_valid_reg/synch_enable
weight_addr_reg_0_/next_state
weight_addr_reg_0_/synch_enable
weight_addr_reg_1_/next_state
weight_addr_reg_1_/synch_enable
weight_addr_reg_2_/next_state
weight_addr_reg_2_/synch_enable
weight_addr_reg_3_/next_state
weight_addr_reg_3_/synch_enable
weight_addr_reg_4_/next_state
weight_addr_reg_4_/synch_enable
weight_addr_reg_5_/next_state
weight_addr_reg_5_/synch_enable
weight_addr_reg_6_/next_state
weight_addr_reg_6_/synch_enable
weight_addr_reg_7_/next_state
weight_addr_reg_7_/synch_enable
wt_data_reg_0_/next_state
wt_data_reg_1_/next_state
wt_data_reg_2_/next_state
wt_data_reg_3_/next_state
wt_data_reg_4_/next_state
wt_data_reg_5_/next_state
wt_data_reg_6_/next_state
wt_data_reg_7_/next_state
wt_data_reg_8_/next_state
wt_data_reg_9_/next_state
wt_data_reg_10_/next_state
wt_data_reg_11_/next_state
wt_data_reg_12_/next_state
wt_data_reg_13_/next_state
wt_data_reg_14_/next_state
wt_data_reg_15_/next_state

Information: Checking pulse_clock_cell_type...

Information: Checking no_driving_cell...

Information: Checking partial_input_delay...
1
