 
****************************************
Report : timing
        -path full
        -delay max
        -nets
        -max_paths 1
        -transition_time
Design : conv
Version: K-2015.06
Date   : Sat Nov 23 09:00:13 2024
****************************************

 # A fanout number of 1000 was used for high fanout net computations.

Operating Conditions: ss_v1p08_125c   Library: scc55nll_vhs_rvt_ss_v1p08_125c_basic
Wire Load Model Mode: top

  Startpoint: cnt2_reg_7_
              (rising edge-triggered flip-flop)
  Endpoint: ovalid (output port)
  Path Group: (none)
  Path Type: max

Attributes:
    d - dont_touch
    u - dont_use
   mo - map_only
   so - size_only
    i - ideal_net or ideal_network
  inf - infeasible path

  Point                        Fanout     Trans      Incr       Path      Attributes
  ------------------------------------------------------------------------------------------
  cnt2_reg_7_/CK (DVHSV1)                  0.10      0.00       0.00 r
  cnt2_reg_7_/Q (DVHSV1)                   0.06      0.21       0.21 f
  cnt2[7] (net)                  3                   0.00       0.21 f
  U1527/ZN (NOR4VHSV1)                     0.18      0.17       0.38 r
  n1786 (net)                    2                   0.00       0.38 r
  U1529/ZN (NAND4VHSV1)                    0.10      0.10       0.48 f
  n1066 (net)                    1                   0.00       0.48 f
  U1487/Z (AO21VHSV1)                      0.39      0.39       0.87 f
  n2197 (net)                    1                   0.00       0.87 f
  U1482/ZN (LVT_INVHSV64)                  2.14      1.28       2.16 r
  ovalid (net)                   1                   0.00       2.16 r
  ovalid (out)                             2.14      0.00       2.16 r
  data arrival time                                             2.16
  ------------------------------------------------------------------------------------------
  (Path is unconstrained)


1
